{"meta": {"format": 3, "version": "7.8.2", "timestamp": "2025-06-02T16:50:42.809737", "branch_coverage": true, "show_contexts": false}, "files": {"src/openpypi/__init__.py": {"executed_lines": [1, 42, 43, 49, 50, 51, 52, 62, 73, 88, 89, 91, 92, 93, 94, 97, 98, 101, 111, 112, 129, 143, 167, 183, 234, 249, 250, 251, 252, 253, 256, 329, 359, 362, 363], "summary": {"covered_lines": 33, "num_statements": 74, "percent_covered": 40.24390243902439, "percent_covered_display": "40.24", "missing_lines": 41, "excluded_lines": 0, "num_branches": 8, "num_partial_branches": 0, "covered_branches": 0, "missing_branches": 8}, "missing_lines": [44, 45, 46, 90, 139, 140, 141, 145, 146, 147, 148, 150, 153, 154, 156, 157, 159, 162, 177, 178, 179, 180, 181, 197, 199, 202, 205, 210, 211, 214, 215, 216, 218, 219, 220, 221, 223, 231, 232, 241, 336], "excluded_lines": [], "executed_branches": [], "missing_branches": [[156, 157], [156, 159], [210, 211], [210, 214], [218, 219], [218, 223], [219, 218], [219, 220]], "functions": {"OpenPypi.__init__": {"executed_lines": [], "summary": {"covered_lines": 0, "num_statements": 3, "percent_covered": 0.0, "percent_covered_display": "0.00", "missing_lines": 3, "excluded_lines": 0, "num_branches": 0, "num_partial_branches": 0, "covered_branches": 0, "missing_branches": 0}, "missing_lines": [139, 140, 141], "excluded_lines": [], "executed_branches": [], "missing_branches": []}, "OpenPypi._setup_pipeline": {"executed_lines": [], "summary": {"covered_lines": 0, "num_statements": 11, "percent_covered": 0.0, "percent_covered_display": "0.00", "missing_lines": 11, "excluded_lines": 0, "num_branches": 2, "num_partial_branches": 0, "covered_branches": 0, "missing_branches": 2}, "missing_lines": [145, 146, 147, 148, 150, 153, 154, 156, 157, 159, 162], "excluded_lines": [], "executed_branches": [], "missing_branches": [[156, 157], [156, 159]]}, "OpenPypi.validate_config": {"executed_lines": [], "summary": {"covered_lines": 0, "num_statements": 5, "percent_covered": 0.0, "percent_covered_display": "0.00", "missing_lines": 5, "excluded_lines": 0, "num_branches": 0, "num_partial_branches": 0, "covered_branches": 0, "missing_branches": 0}, "missing_lines": [177, 178, 179, 180, 181], "excluded_lines": [], "executed_branches": [], "missing_branches": []}, "OpenPypi.generate_project": {"executed_lines": [], "summary": {"covered_lines": 0, "num_statements": 16, "percent_covered": 0.0, "percent_covered_display": "0.00", "missing_lines": 16, "excluded_lines": 0, "num_branches": 6, "num_partial_branches": 0, "covered_branches": 0, "missing_branches": 6}, "missing_lines": [197, 199, 202, 205, 210, 211, 214, 215, 216, 218, 219, 220, 221, 223, 231, 232], "excluded_lines": [], "executed_branches": [], "missing_branches": [[210, 211], [210, 214], [218, 219], [218, 223], [219, 218], [219, 220]]}, "OpenPypi.get_pipeline_status": {"executed_lines": [], "summary": {"covered_lines": 0, "num_statements": 1, "percent_covered": 0.0, "percent_covered_display": "0.00", "missing_lines": 1, "excluded_lines": 0, "num_branches": 0, "num_partial_branches": 0, "covered_branches": 0, "missing_branches": 0}, "missing_lines": [241], "excluded_lines": [], "executed_branches": [], "missing_branches": []}, "get_info": {"executed_lines": [], "summary": {"covered_lines": 0, "num_statements": 1, "percent_covered": 0.0, "percent_covered_display": "0.00", "missing_lines": 1, "excluded_lines": 0, "num_branches": 0, "num_partial_branches": 0, "covered_branches": 0, "missing_branches": 0}, "missing_lines": [336], "excluded_lines": [], "executed_branches": [], "missing_branches": []}, "": {"executed_lines": [1, 42, 43, 49, 50, 51, 52, 62, 73, 88, 89, 91, 92, 93, 94, 97, 98, 101, 111, 112, 129, 143, 167, 183, 234, 249, 250, 251, 252, 253, 256, 329, 359, 362, 363], "summary": {"covered_lines": 33, "num_statements": 37, "percent_covered": 89.1891891891892, "percent_covered_display": "89.19", "missing_lines": 4, "excluded_lines": 0, "num_branches": 0, "num_partial_branches": 0, "covered_branches": 0, "missing_branches": 0}, "missing_lines": [44, 45, 46, 90], "excluded_lines": [], "executed_branches": [], "missing_branches": []}}, "classes": {"OpenPypi": {"executed_lines": [], "summary": {"covered_lines": 0, "num_statements": 36, "percent_covered": 0.0, "percent_covered_display": "0.00", "missing_lines": 36, "excluded_lines": 0, "num_branches": 8, "num_partial_branches": 0, "covered_branches": 0, "missing_branches": 8}, "missing_lines": [139, 140, 141, 145, 146, 147, 148, 150, 153, 154, 156, 157, 159, 162, 177, 178, 179, 180, 181, 197, 199, 202, 205, 210, 211, 214, 215, 216, 218, 219, 220, 221, 223, 231, 232, 241], "excluded_lines": [], "executed_branches": [], "missing_branches": [[156, 157], [156, 159], [210, 211], [210, 214], [218, 219], [218, 223], [219, 218], [219, 220]]}, "": {"executed_lines": [1, 42, 43, 49, 50, 51, 52, 62, 73, 88, 89, 91, 92, 93, 94, 97, 98, 101, 111, 112, 129, 143, 167, 183, 234, 249, 250, 251, 252, 253, 256, 329, 359, 362, 363], "summary": {"covered_lines": 33, "num_statements": 38, "percent_covered": 86.84210526315789, "percent_covered_display": "86.84", "missing_lines": 5, "excluded_lines": 0, "num_branches": 0, "num_partial_branches": 0, "covered_branches": 0, "missing_branches": 0}, "missing_lines": [44, 45, 46, 90, 336], "excluded_lines": [], "executed_branches": [], "missing_branches": []}}}, "src/openpypi/_version.py": {"executed_lines": [4, 6, 7, 13, 15, 16, 17, 18, 20, 21], "summary": {"covered_lines": 10, "num_statements": 13, "percent_covered": 73.33333333333333, "percent_covered_display": "73.33", "missing_lines": 3, "excluded_lines": 0, "num_branches": 2, "num_partial_branches": 1, "covered_branches": 1, "missing_branches": 1}, "missing_lines": [8, 9, 11], "excluded_lines": [], "executed_branches": [[7, 13]], "missing_branches": [[7, 8]], "functions": {"": {"executed_lines": [4, 6, 7, 13, 15, 16, 17, 18, 20, 21], "summary": {"covered_lines": 10, "num_statements": 13, "percent_covered": 73.33333333333333, "percent_covered_display": "73.33", "missing_lines": 3, "excluded_lines": 0, "num_branches": 2, "num_partial_branches": 1, "covered_branches": 1, "missing_branches": 1}, "missing_lines": [8, 9, 11], "excluded_lines": [], "executed_branches": [[7, 13]], "missing_branches": [[7, 8]]}}, "classes": {"": {"executed_lines": [4, 6, 7, 13, 15, 16, 17, 18, 20, 21], "summary": {"covered_lines": 10, "num_statements": 13, "percent_covered": 73.33333333333333, "percent_covered_display": "73.33", "missing_lines": 3, "excluded_lines": 0, "num_branches": 2, "num_partial_branches": 1, "covered_branches": 1, "missing_branches": 1}, "missing_lines": [8, 9, 11], "excluded_lines": [], "executed_branches": [[7, 13]], "missing_branches": [[7, 8]]}}}, "src/openpypi/api/__init__.py": {"executed_lines": [1, 5, 6, 7, 8, 10], "summary": {"covered_lines": 5, "num_statements": 5, "percent_covered": 100.0, "percent_covered_display": "100.00", "missing_lines": 0, "excluded_lines": 0, "num_branches": 0, "num_partial_branches": 0, "covered_branches": 0, "missing_branches": 0}, "missing_lines": [], "excluded_lines": [], "executed_branches": [], "missing_branches": [], "functions": {"": {"executed_lines": [1, 5, 6, 7, 8, 10], "summary": {"covered_lines": 5, "num_statements": 5, "percent_covered": 100.0, "percent_covered_display": "100.00", "missing_lines": 0, "excluded_lines": 0, "num_branches": 0, "num_partial_branches": 0, "covered_branches": 0, "missing_branches": 0}, "missing_lines": [], "excluded_lines": [], "executed_branches": [], "missing_branches": []}}, "classes": {"": {"executed_lines": [1, 5, 6, 7, 8, 10], "summary": {"covered_lines": 5, "num_statements": 5, "percent_covered": 100.0, "percent_covered_display": "100.00", "missing_lines": 0, "excluded_lines": 0, "num_branches": 0, "num_partial_branches": 0, "covered_branches": 0, "missing_branches": 0}, "missing_lines": [], "excluded_lines": [], "executed_branches": [], "missing_branches": []}}}, "src/openpypi/api/app.py": {"executed_lines": [1, 5, 6, 7, 9, 10, 11, 12, 13, 15, 16, 17, 23, 26, 29, 30, 64, 75, 78, 87, 93, 99, 100, 101, 104, 105, 107, 109, 119, 120, 122, 123, 124, 125, 126, 130, 136, 142, 148, 155, 156, 181, 182, 203], "summary": {"covered_lines": 42, "num_statements": 62, "percent_covered": 65.625, "percent_covered_display": "65.62", "missing_lines": 20, "excluded_lines": 3, "num_branches": 2, "num_partial_branches": 0, "covered_branches": 0, "missing_branches": 2}, "missing_lines": [33, 36, 37, 40, 42, 43, 44, 46, 47, 48, 49, 50, 52, 54, 55, 57, 60, 158, 184, 186], "excluded_lines": [203, 204, 205], "executed_branches": [], "missing_branches": [[42, 43], [42, 52]], "functions": {"lifespan": {"executed_lines": [], "summary": {"covered_lines": 0, "num_statements": 17, "percent_covered": 0.0, "percent_covered_display": "0.00", "missing_lines": 17, "excluded_lines": 0, "num_branches": 2, "num_partial_branches": 0, "covered_branches": 0, "missing_branches": 2}, "missing_lines": [33, 36, 37, 40, 42, 43, 44, 46, 47, 48, 49, 50, 52, 54, 55, 57, 60], "excluded_lines": [], "executed_branches": [], "missing_branches": [[42, 43], [42, 52]]}, "global_exception_handler": {"executed_lines": [107, 109], "summary": {"covered_lines": 2, "num_statements": 2, "percent_covered": 100.0, "percent_covered_display": "100.00", "missing_lines": 0, "excluded_lines": 0, "num_branches": 0, "num_partial_branches": 0, "covered_branches": 0, "missing_branches": 0}, "missing_lines": [], "excluded_lines": [], "executed_branches": [], "missing_branches": []}, "add_process_time_header": {"executed_lines": [122, 123, 124, 125, 126], "summary": {"covered_lines": 5, "num_statements": 5, "percent_covered": 100.0, "percent_covered_display": "100.00", "missing_lines": 0, "excluded_lines": 0, "num_branches": 0, "num_partial_branches": 0, "covered_branches": 0, "missing_branches": 0}, "missing_lines": [], "excluded_lines": [], "executed_branches": [], "missing_branches": []}, "root": {"executed_lines": [], "summary": {"covered_lines": 0, "num_statements": 1, "percent_covered": 0.0, "percent_covered_display": "0.00", "missing_lines": 1, "excluded_lines": 0, "num_branches": 0, "num_partial_branches": 0, "covered_branches": 0, "missing_branches": 0}, "missing_lines": [158], "excluded_lines": [], "executed_branches": [], "missing_branches": []}, "get_app_info": {"executed_lines": [], "summary": {"covered_lines": 0, "num_statements": 2, "percent_covered": 0.0, "percent_covered_display": "0.00", "missing_lines": 2, "excluded_lines": 0, "num_branches": 0, "num_partial_branches": 0, "covered_branches": 0, "missing_branches": 0}, "missing_lines": [184, 186], "excluded_lines": [], "executed_branches": [], "missing_branches": []}, "": {"executed_lines": [1, 5, 6, 7, 9, 10, 11, 12, 13, 15, 16, 17, 23, 26, 29, 30, 64, 75, 78, 87, 93, 99, 100, 101, 104, 105, 119, 120, 130, 136, 142, 148, 155, 156, 181, 182, 203], "summary": {"covered_lines": 35, "num_statements": 35, "percent_covered": 100.0, "percent_covered_display": "100.00", "missing_lines": 0, "excluded_lines": 3, "num_branches": 0, "num_partial_branches": 0, "covered_branches": 0, "missing_branches": 0}, "missing_lines": [], "excluded_lines": [203, 204, 205], "executed_branches": [], "missing_branches": []}}, "classes": {"": {"executed_lines": [1, 5, 6, 7, 9, 10, 11, 12, 13, 15, 16, 17, 23, 26, 29, 30, 64, 75, 78, 87, 93, 99, 100, 101, 104, 105, 107, 109, 119, 120, 122, 123, 124, 125, 126, 130, 136, 142, 148, 155, 156, 181, 182, 203], "summary": {"covered_lines": 42, "num_statements": 62, "percent_covered": 65.625, "percent_covered_display": "65.62", "missing_lines": 20, "excluded_lines": 3, "num_branches": 2, "num_partial_branches": 0, "covered_branches": 0, "missing_branches": 2}, "missing_lines": [33, 36, 37, 40, 42, 43, 44, 46, 47, 48, 49, 50, 52, 54, 55, 57, 60, 158, 184, 186], "excluded_lines": [203, 204, 205], "executed_branches": [], "missing_branches": [[42, 43], [42, 52]]}}}, "src/openpypi/api/dependencies.py": {"executed_lines": [1, 5, 7, 8, 9, 11, 12, 14, 17, 18, 21, 24, 26, 28, 29, 32, 43, 55, 57, 73, 76, 77], "summary": {"covered_lines": 21, "num_statements": 39, "percent_covered": 48.888888888888886, "percent_covered_display": "48.89", "missing_lines": 18, "excluded_lines": 0, "num_branches": 6, "num_partial_branches": 3, "covered_branches": 1, "missing_branches": 5}, "missing_lines": [34, 35, 37, 38, 46, 47, 49, 50, 53, 58, 59, 62, 63, 64, 65, 66, 70, 71], "excluded_lines": [], "executed_branches": [[28, 29]], "missing_branches": [[28, 34], [34, 35], [34, 37], [57, 58], [57, 70]], "functions": {"get_config": {"executed_lines": [24], "summary": {"covered_lines": 1, "num_statements": 1, "percent_covered": 100.0, "percent_covered_display": "100.00", "missing_lines": 0, "excluded_lines": 0, "num_branches": 0, "num_partial_branches": 0, "covered_branches": 0, "missing_branches": 0}, "missing_lines": [], "excluded_lines": [], "executed_branches": [], "missing_branches": []}, "get_api_key": {"executed_lines": [28, 29, 32], "summary": {"covered_lines": 3, "num_statements": 7, "percent_covered": 36.36363636363637, "percent_covered_display": "36.36", "missing_lines": 4, "excluded_lines": 0, "num_branches": 4, "num_partial_branches": 1, "covered_branches": 1, "missing_branches": 3}, "missing_lines": [34, 35, 37, 38], "excluded_lines": [], "executed_branches": [[28, 29]], "missing_branches": [[28, 34], [34, 35], [34, 37]]}, "get_db": {"executed_lines": [], "summary": {"covered_lines": 0, "num_statements": 5, "percent_covered": 0.0, "percent_covered_display": "0.00", "missing_lines": 5, "excluded_lines": 0, "num_branches": 0, "num_partial_branches": 0, "covered_branches": 0, "missing_branches": 0}, "missing_lines": [46, 47, 49, 50, 53], "excluded_lines": [], "executed_branches": [], "missing_branches": []}, "get_openai_client": {"executed_lines": [57], "summary": {"covered_lines": 1, "num_statements": 10, "percent_covered": 8.333333333333334, "percent_covered_display": "8.33", "missing_lines": 9, "excluded_lines": 0, "num_branches": 2, "num_partial_branches": 2, "covered_branches": 0, "missing_branches": 2}, "missing_lines": [58, 59, 62, 63, 64, 65, 66, 70, 71], "excluded_lines": [], "executed_branches": [], "missing_branches": [[57, 58], [57, 70]]}, "get_current_user": {"executed_lines": [76, 77], "summary": {"covered_lines": 2, "num_statements": 2, "percent_covered": 100.0, "percent_covered_display": "100.00", "missing_lines": 0, "excluded_lines": 0, "num_branches": 0, "num_partial_branches": 0, "covered_branches": 0, "missing_branches": 0}, "missing_lines": [], "excluded_lines": [], "executed_branches": [], "missing_branches": []}, "": {"executed_lines": [1, 5, 7, 8, 9, 11, 12, 14, 17, 18, 21, 26, 43, 55, 73], "summary": {"covered_lines": 14, "num_statements": 14, "percent_covered": 100.0, "percent_covered_display": "100.00", "missing_lines": 0, "excluded_lines": 0, "num_branches": 0, "num_partial_branches": 0, "covered_branches": 0, "missing_branches": 0}, "missing_lines": [], "excluded_lines": [], "executed_branches": [], "missing_branches": []}}, "classes": {"": {"executed_lines": [1, 5, 7, 8, 9, 11, 12, 14, 17, 18, 21, 24, 26, 28, 29, 32, 43, 55, 57, 73, 76, 77], "summary": {"covered_lines": 21, "num_statements": 39, "percent_covered": 48.888888888888886, "percent_covered_display": "48.89", "missing_lines": 18, "excluded_lines": 0, "num_branches": 6, "num_partial_branches": 3, "covered_branches": 1, "missing_branches": 5}, "missing_lines": [34, 35, 37, 38, 46, 47, 49, 50, 53, 58, 59, 62, 63, 64, 65, 66, 70, 71], "excluded_lines": [], "executed_branches": [[28, 29]], "missing_branches": [[28, 34], [34, 35], [34, 37], [57, 58], [57, 70]]}}}, "src/openpypi/api/middleware.py": {"executed_lines": [1, 5, 6, 7, 9, 10, 11, 12, 14, 16, 19, 21, 22, 24, 35, 36, 37, 39, 48, 49, 52, 54, 55, 56, 57, 58, 60, 62, 65, 68, 70, 71, 72, 75, 79, 81], "summary": {"covered_lines": 35, "num_statements": 36, "percent_covered": 94.73684210526316, "percent_covered_display": "94.74", "missing_lines": 1, "excluded_lines": 0, "num_branches": 2, "num_partial_branches": 1, "covered_branches": 1, "missing_branches": 1}, "missing_lines": [61], "excluded_lines": [], "executed_branches": [[60, 62]], "missing_branches": [[60, 61]], "functions": {"log_requests": {"executed_lines": [21, 22, 24, 35, 36, 37, 39, 48, 49], "summary": {"covered_lines": 9, "num_statements": 9, "percent_covered": 100.0, "percent_covered_display": "100.00", "missing_lines": 0, "excluded_lines": 0, "num_branches": 0, "num_partial_branches": 0, "covered_branches": 0, "missing_branches": 0}, "missing_lines": [], "excluded_lines": [], "executed_branches": [], "missing_branches": []}, "add_security_headers": {"executed_lines": [54, 55, 56, 57, 58, 60, 62], "summary": {"covered_lines": 7, "num_statements": 8, "percent_covered": 80.0, "percent_covered_display": "80.00", "missing_lines": 1, "excluded_lines": 0, "num_branches": 2, "num_partial_branches": 1, "covered_branches": 1, "missing_branches": 1}, "missing_lines": [61], "excluded_lines": [], "executed_branches": [[60, 62]], "missing_branches": [[60, 61]]}, "rate_limit_middleware": {"executed_lines": [68, 70, 71, 72], "summary": {"covered_lines": 4, "num_statements": 4, "percent_covered": 100.0, "percent_covered_display": "100.00", "missing_lines": 0, "excluded_lines": 0, "num_branches": 0, "num_partial_branches": 0, "covered_branches": 0, "missing_branches": 0}, "missing_lines": [], "excluded_lines": [], "executed_branches": [], "missing_branches": []}, "setup_middleware": {"executed_lines": [79, 81], "summary": {"covered_lines": 2, "num_statements": 2, "percent_covered": 100.0, "percent_covered_display": "100.00", "missing_lines": 0, "excluded_lines": 0, "num_branches": 0, "num_partial_branches": 0, "covered_branches": 0, "missing_branches": 0}, "missing_lines": [], "excluded_lines": [], "executed_branches": [], "missing_branches": []}, "": {"executed_lines": [1, 5, 6, 7, 9, 10, 11, 12, 14, 16, 19, 52, 65, 75], "summary": {"covered_lines": 13, "num_statements": 13, "percent_covered": 100.0, "percent_covered_display": "100.00", "missing_lines": 0, "excluded_lines": 0, "num_branches": 0, "num_partial_branches": 0, "covered_branches": 0, "missing_branches": 0}, "missing_lines": [], "excluded_lines": [], "executed_branches": [], "missing_branches": []}}, "classes": {"": {"executed_lines": [1, 5, 6, 7, 9, 10, 11, 12, 14, 16, 19, 21, 22, 24, 35, 36, 37, 39, 48, 49, 52, 54, 55, 56, 57, 58, 60, 62, 65, 68, 70, 71, 72, 75, 79, 81], "summary": {"covered_lines": 35, "num_statements": 36, "percent_covered": 94.73684210526316, "percent_covered_display": "94.74", "missing_lines": 1, "excluded_lines": 0, "num_branches": 2, "num_partial_branches": 1, "covered_branches": 1, "missing_branches": 1}, "missing_lines": [61], "excluded_lines": [], "executed_branches": [[60, 62]], "missing_branches": [[60, 61]]}}}, "src/openpypi/api/routes/__init__.py": {"executed_lines": [1, 7, 9], "summary": {"covered_lines": 2, "num_statements": 2, "percent_covered": 100.0, "percent_covered_display": "100.00", "missing_lines": 0, "excluded_lines": 0, "num_branches": 0, "num_partial_branches": 0, "covered_branches": 0, "missing_branches": 0}, "missing_lines": [], "excluded_lines": [], "executed_branches": [], "missing_branches": [], "functions": {"": {"executed_lines": [1, 7, 9], "summary": {"covered_lines": 2, "num_statements": 2, "percent_covered": 100.0, "percent_covered_display": "100.00", "missing_lines": 0, "excluded_lines": 0, "num_branches": 0, "num_partial_branches": 0, "covered_branches": 0, "missing_branches": 0}, "missing_lines": [], "excluded_lines": [], "executed_branches": [], "missing_branches": []}}, "classes": {"": {"executed_lines": [1, 7, 9], "summary": {"covered_lines": 2, "num_statements": 2, "percent_covered": 100.0, "percent_covered_display": "100.00", "missing_lines": 0, "excluded_lines": 0, "num_branches": 0, "num_partial_branches": 0, "covered_branches": 0, "missing_branches": 0}, "missing_lines": [], "excluded_lines": [], "executed_branches": [], "missing_branches": []}}}, "src/openpypi/api/routes/auth.py": {"executed_lines": [1, 5, 6, 8, 9, 11, 12, 13, 14, 19, 30, 31, 33, 35, 36, 37, 38, 39, 42, 46, 49, 50, 51, 52, 65, 71, 73, 74, 76, 83, 86, 93, 95, 98, 103, 114, 115, 116, 119, 122, 127, 129, 130], "summary": {"covered_lines": 42, "num_statements": 49, "percent_covered": 83.05084745762711, "percent_covered_display": "83.05", "missing_lines": 7, "excluded_lines": 0, "num_branches": 10, "num_partial_branches": 3, "covered_branches": 7, "missing_branches": 3}, "missing_lines": [40, 58, 59, 62, 63, 77, 78], "excluded_lines": [], "executed_branches": [[36, 37], [36, 38], [38, 39], [50, 51], [76, 83], [115, 116], [115, 119]], "missing_branches": [[38, 40], [50, 58], [76, 77]], "functions": {"authenticate_user": {"executed_lines": [35, 36, 37, 38, 39], "summary": {"covered_lines": 5, "num_statements": 6, "percent_covered": 80.0, "percent_covered_display": "80.00", "missing_lines": 1, "excluded_lines": 0, "num_branches": 4, "num_partial_branches": 1, "covered_branches": 3, "missing_branches": 1}, "missing_lines": [40], "excluded_lines": [], "executed_branches": [[36, 37], [36, 38], [38, 39]], "missing_branches": [[38, 40]]}, "login_for_access_token": {"executed_lines": [49, 50, 51, 52], "summary": {"covered_lines": 4, "num_statements": 8, "percent_covered": 50.0, "percent_covered_display": "50.00", "missing_lines": 4, "excluded_lines": 0, "num_branches": 2, "num_partial_branches": 1, "covered_branches": 1, "missing_branches": 1}, "missing_lines": [58, 59, 62, 63], "excluded_lines": [], "executed_branches": [[50, 51]], "missing_branches": [[50, 58]]}, "register_user": {"executed_lines": [73, 74, 76, 83, 86, 93, 95], "summary": {"covered_lines": 7, "num_statements": 9, "percent_covered": 72.72727272727273, "percent_covered_display": "72.73", "missing_lines": 2, "excluded_lines": 0, "num_branches": 2, "num_partial_branches": 1, "covered_branches": 1, "missing_branches": 1}, "missing_lines": [77, 78], "excluded_lines": [], "executed_branches": [[76, 83]], "missing_branches": [[76, 77]]}, "read_users_me": {"executed_lines": [114, 115, 116, 119], "summary": {"covered_lines": 4, "num_statements": 4, "percent_covered": 100.0, "percent_covered_display": "100.00", "missing_lines": 0, "excluded_lines": 0, "num_branches": 2, "num_partial_branches": 0, "covered_branches": 2, "missing_branches": 0}, "missing_lines": [], "excluded_lines": [], "executed_branches": [[115, 116], [115, 119]], "missing_branches": []}, "validate_token": {"executed_lines": [129, 130], "summary": {"covered_lines": 2, "num_statements": 2, "percent_covered": 100.0, "percent_covered_display": "100.00", "missing_lines": 0, "excluded_lines": 0, "num_branches": 0, "num_partial_branches": 0, "covered_branches": 0, "missing_branches": 0}, "missing_lines": [], "excluded_lines": [], "executed_branches": [], "missing_branches": []}, "": {"executed_lines": [1, 5, 6, 8, 9, 11, 12, 13, 14, 19, 30, 31, 33, 42, 46, 65, 71, 98, 103, 122, 127], "summary": {"covered_lines": 20, "num_statements": 20, "percent_covered": 100.0, "percent_covered_display": "100.00", "missing_lines": 0, "excluded_lines": 0, "num_branches": 0, "num_partial_branches": 0, "covered_branches": 0, "missing_branches": 0}, "missing_lines": [], "excluded_lines": [], "executed_branches": [], "missing_branches": []}}, "classes": {"": {"executed_lines": [1, 5, 6, 8, 9, 11, 12, 13, 14, 19, 30, 31, 33, 35, 36, 37, 38, 39, 42, 46, 49, 50, 51, 52, 65, 71, 73, 74, 76, 83, 86, 93, 95, 98, 103, 114, 115, 116, 119, 122, 127, 129, 130], "summary": {"covered_lines": 42, "num_statements": 49, "percent_covered": 83.05084745762711, "percent_covered_display": "83.05", "missing_lines": 7, "excluded_lines": 0, "num_branches": 10, "num_partial_branches": 3, "covered_branches": 7, "missing_branches": 3}, "missing_lines": [40, 58, 59, 62, 63, 77, 78], "excluded_lines": [], "executed_branches": [[36, 37], [36, 38], [38, 39], [50, 51], [76, 83], [115, 116], [115, 119]], "missing_branches": [[38, 40], [50, 58], [76, 77]]}}}, "src/openpypi/api/routes/generation.py": {"executed_lines": [1, 5, 6, 7, 8, 9, 11, 12, 13, 21, 22, 23, 24, 26, 27, 31, 33, 104, 110, 144, 149, 161, 167], "summary": {"covered_lines": 22, "num_statements": 79, "percent_covered": 25.88235294117647, "percent_covered_display": "25.88", "missing_lines": 57, "excluded_lines": 0, "num_branches": 6, "num_partial_branches": 0, "covered_branches": 0, "missing_branches": 6}, "missing_lines": [35, 37, 44, 45, 50, 51, 53, 56, 57, 59, 76, 77, 79, 80, 81, 82, 90, 91, 92, 94, 95, 96, 97, 99, 100, 101, 118, 119, 121, 122, 125, 128, 129, 136, 138, 151, 152, 153, 154, 156, 157, 173, 174, 175, 177, 178, 179, 180, 182, 194, 195, 196, 208, 209, 213, 214, 215], "excluded_lines": [], "executed_branches": [], "missing_branches": [[79, 80], [79, 90], [152, 153], [152, 156], [194, 195], [194, 208]], "functions": {"run_generation_task": {"executed_lines": [], "summary": {"covered_lines": 0, "num_statements": 26, "percent_covered": 0.0, "percent_covered_display": "0.00", "missing_lines": 26, "excluded_lines": 0, "num_branches": 2, "num_partial_branches": 0, "covered_branches": 0, "missing_branches": 2}, "missing_lines": [35, 37, 44, 45, 50, 51, 53, 56, 57, 59, 76, 77, 79, 80, 81, 82, 90, 91, 92, 94, 95, 96, 97, 99, 100, 101], "excluded_lines": [], "executed_branches": [], "missing_branches": [[79, 80], [79, 90]]}, "generate_project_async": {"executed_lines": [], "summary": {"covered_lines": 0, "num_statements": 9, "percent_covered": 0.0, "percent_covered_display": "0.00", "missing_lines": 9, "excluded_lines": 0, "num_branches": 0, "num_partial_branches": 0, "covered_branches": 0, "missing_branches": 0}, "missing_lines": [118, 119, 121, 122, 125, 128, 129, 136, 138], "excluded_lines": [], "executed_branches": [], "missing_branches": []}, "get_generation_status": {"executed_lines": [], "summary": {"covered_lines": 0, "num_statements": 6, "percent_covered": 0.0, "percent_covered_display": "0.00", "missing_lines": 6, "excluded_lines": 0, "num_branches": 2, "num_partial_branches": 0, "covered_branches": 0, "missing_branches": 2}, "missing_lines": [151, 152, 153, 154, 156, 157], "excluded_lines": [], "executed_branches": [], "missing_branches": [[152, 153], [152, 156]]}, "generate_project_sync": {"executed_lines": [], "summary": {"covered_lines": 0, "num_statements": 16, "percent_covered": 0.0, "percent_covered_display": "0.00", "missing_lines": 16, "excluded_lines": 0, "num_branches": 2, "num_partial_branches": 0, "covered_branches": 0, "missing_branches": 2}, "missing_lines": [173, 174, 175, 177, 178, 179, 180, 182, 194, 195, 196, 208, 209, 213, 214, 215], "excluded_lines": [], "executed_branches": [], "missing_branches": [[194, 195], [194, 208]]}, "": {"executed_lines": [1, 5, 6, 7, 8, 9, 11, 12, 13, 21, 22, 23, 24, 26, 27, 31, 33, 104, 110, 144, 149, 161, 167], "summary": {"covered_lines": 22, "num_statements": 22, "percent_covered": 100.0, "percent_covered_display": "100.00", "missing_lines": 0, "excluded_lines": 0, "num_branches": 0, "num_partial_branches": 0, "covered_branches": 0, "missing_branches": 0}, "missing_lines": [], "excluded_lines": [], "executed_branches": [], "missing_branches": []}}, "classes": {"": {"executed_lines": [1, 5, 6, 7, 8, 9, 11, 12, 13, 21, 22, 23, 24, 26, 27, 31, 33, 104, 110, 144, 149, 161, 167], "summary": {"covered_lines": 22, "num_statements": 79, "percent_covered": 25.88235294117647, "percent_covered_display": "25.88", "missing_lines": 57, "excluded_lines": 0, "num_branches": 6, "num_partial_branches": 0, "covered_branches": 0, "missing_branches": 6}, "missing_lines": [35, 37, 44, 45, 50, 51, 53, 56, 57, 59, 76, 77, 79, 80, 81, 82, 90, 91, 92, 94, 95, 96, 97, 99, 100, 101, 118, 119, 121, 122, 125, 128, 129, 136, 138, 151, 152, 153, 154, 156, 157, 173, 174, 175, 177, 178, 179, 180, 182, 194, 195, 196, 208, 209, 213, 214, 215], "excluded_lines": [], "executed_branches": [], "missing_branches": [[79, 80], [79, 90], [152, 153], [152, 156], [194, 195], [194, 208]]}}}, "src/openpypi/api/routes/health.py": {"executed_lines": [1, 5, 6, 8, 9, 10, 11, 12, 14, 15, 17, 23, 73, 74, 76], "summary": {"covered_lines": 14, "num_statements": 35, "percent_covered": 35.8974358974359, "percent_covered_display": "35.90", "missing_lines": 21, "excluded_lines": 0, "num_branches": 4, "num_partial_branches": 0, "covered_branches": 0, "missing_branches": 4}, "missing_lines": [29, 31, 32, 35, 43, 44, 45, 46, 47, 50, 51, 52, 53, 54, 55, 56, 60, 62, 63, 64, 66], "excluded_lines": [], "executed_branches": [], "missing_branches": [[50, 51], [50, 60], [63, 64], [63, 66]], "functions": {"get_health": {"executed_lines": [], "summary": {"covered_lines": 0, "num_statements": 21, "percent_covered": 0.0, "percent_covered_display": "0.00", "missing_lines": 21, "excluded_lines": 0, "num_branches": 4, "num_partial_branches": 0, "covered_branches": 0, "missing_branches": 4}, "missing_lines": [29, 31, 32, 35, 43, 44, 45, 46, 47, 50, 51, 52, 53, 54, 55, 56, 60, 62, 63, 64, 66], "excluded_lines": [], "executed_branches": [], "missing_branches": [[50, 51], [50, 60], [63, 64], [63, 66]]}, "ping": {"executed_lines": [76], "summary": {"covered_lines": 1, "num_statements": 1, "percent_covered": 100.0, "percent_covered_display": "100.00", "missing_lines": 0, "excluded_lines": 0, "num_branches": 0, "num_partial_branches": 0, "covered_branches": 0, "missing_branches": 0}, "missing_lines": [], "excluded_lines": [], "executed_branches": [], "missing_branches": []}, "": {"executed_lines": [1, 5, 6, 8, 9, 10, 11, 12, 14, 15, 17, 23, 73, 74], "summary": {"covered_lines": 13, "num_statements": 13, "percent_covered": 100.0, "percent_covered_display": "100.00", "missing_lines": 0, "excluded_lines": 0, "num_branches": 0, "num_partial_branches": 0, "covered_branches": 0, "missing_branches": 0}, "missing_lines": [], "excluded_lines": [], "executed_branches": [], "missing_branches": []}}, "classes": {"": {"executed_lines": [1, 5, 6, 8, 9, 10, 11, 12, 14, 15, 17, 23, 73, 74, 76], "summary": {"covered_lines": 14, "num_statements": 35, "percent_covered": 35.8974358974359, "percent_covered_display": "35.90", "missing_lines": 21, "excluded_lines": 0, "num_branches": 4, "num_partial_branches": 0, "covered_branches": 0, "missing_branches": 4}, "missing_lines": [29, 31, 32, 35, 43, 44, 45, 46, 47, 50, 51, 52, 53, 54, 55, 56, 60, 62, 63, 64, 66], "excluded_lines": [], "executed_branches": [], "missing_branches": [[50, 51], [50, 60], [63, 64], [63, 66]]}}}, "src/openpypi/api/routes/openai_integration.py": {"executed_lines": [1, 5, 6, 8, 9, 15, 17, 18, 20, 28], "summary": {"covered_lines": 9, "num_statements": 32, "percent_covered": 22.5, "percent_covered_display": "22.50", "missing_lines": 23, "excluded_lines": 0, "num_branches": 8, "num_partial_branches": 0, "covered_branches": 0, "missing_branches": 8}, "missing_lines": [34, 35, 36, 41, 43, 46, 60, 61, 62, 63, 69, 70, 75, 76, 79, 80, 81, 82, 83, 84, 85, 86, 88], "excluded_lines": [], "executed_branches": [], "missing_branches": [[34, 35], [34, 41], [60, 61], [60, 69], [81, 82], [81, 84], [84, 85], [84, 88]], "functions": {"get_openai_completion": {"executed_lines": [], "summary": {"covered_lines": 0, "num_statements": 23, "percent_covered": 0.0, "percent_covered_display": "0.00", "missing_lines": 23, "excluded_lines": 0, "num_branches": 8, "num_partial_branches": 0, "covered_branches": 0, "missing_branches": 8}, "missing_lines": [34, 35, 36, 41, 43, 46, 60, 61, 62, 63, 69, 70, 75, 76, 79, 80, 81, 82, 83, 84, 85, 86, 88], "excluded_lines": [], "executed_branches": [], "missing_branches": [[34, 35], [34, 41], [60, 61], [60, 69], [81, 82], [81, 84], [84, 85], [84, 88]]}, "": {"executed_lines": [1, 5, 6, 8, 9, 15, 17, 18, 20, 28], "summary": {"covered_lines": 9, "num_statements": 9, "percent_covered": 100.0, "percent_covered_display": "100.00", "missing_lines": 0, "excluded_lines": 0, "num_branches": 0, "num_partial_branches": 0, "covered_branches": 0, "missing_branches": 0}, "missing_lines": [], "excluded_lines": [], "executed_branches": [], "missing_branches": []}}, "classes": {"": {"executed_lines": [1, 5, 6, 8, 9, 15, 17, 18, 20, 28], "summary": {"covered_lines": 9, "num_statements": 32, "percent_covered": 22.5, "percent_covered_display": "22.50", "missing_lines": 23, "excluded_lines": 0, "num_branches": 8, "num_partial_branches": 0, "covered_branches": 0, "missing_branches": 8}, "missing_lines": [34, 35, 36, 41, 43, 46, 60, 61, 62, 63, 69, 70, 75, 76, 79, 80, 81, 82, 83, 84, 85, 86, 88], "excluded_lines": [], "executed_branches": [], "missing_branches": [[34, 35], [34, 41], [60, 61], [60, 69], [81, 82], [81, 84], [84, 85], [84, 88]]}}}, "src/openpypi/api/routes/projects.py": {"executed_lines": [1, 6, 7, 9, 11, 12, 18, 20, 21, 25, 48, 53, 60, 62, 63, 66, 68, 74, 82, 99, 108], "summary": {"covered_lines": 20, "num_statements": 38, "percent_covered": 43.75, "percent_covered_display": "43.75", "missing_lines": 18, "excluded_lines": 0, "num_branches": 10, "num_partial_branches": 1, "covered_branches": 1, "missing_branches": 9}, "missing_lines": [64, 87, 88, 90, 91, 92, 97, 113, 117, 118, 119, 120, 121, 123, 124, 125, 134, 135], "excluded_lines": [], "executed_branches": [[63, 66]], "missing_branches": [[63, 64], [90, 91], [90, 97], [118, 119], [118, 123], [119, 118], [119, 120], [123, 124], [123, 134]], "functions": {"list_projects": {"executed_lines": [60, 62, 63, 66, 68], "summary": {"covered_lines": 5, "num_statements": 6, "percent_covered": 75.0, "percent_covered_display": "75.00", "missing_lines": 1, "excluded_lines": 0, "num_branches": 2, "num_partial_branches": 1, "covered_branches": 1, "missing_branches": 1}, "missing_lines": [64], "excluded_lines": [], "executed_branches": [[63, 66]], "missing_branches": [[63, 64]]}, "get_project_details": {"executed_lines": [], "summary": {"covered_lines": 0, "num_statements": 6, "percent_covered": 0.0, "percent_covered_display": "0.00", "missing_lines": 6, "excluded_lines": 0, "num_branches": 2, "num_partial_branches": 0, "covered_branches": 0, "missing_branches": 2}, "missing_lines": [87, 88, 90, 91, 92, 97], "excluded_lines": [], "executed_branches": [], "missing_branches": [[90, 91], [90, 97]]}, "delete_project": {"executed_lines": [], "summary": {"covered_lines": 0, "num_statements": 11, "percent_covered": 0.0, "percent_covered_display": "0.00", "missing_lines": 11, "excluded_lines": 0, "num_branches": 6, "num_partial_branches": 0, "covered_branches": 0, "missing_branches": 6}, "missing_lines": [113, 117, 118, 119, 120, 121, 123, 124, 125, 134, 135], "excluded_lines": [], "executed_branches": [], "missing_branches": [[118, 119], [118, 123], [119, 118], [119, 120], [123, 124], [123, 134]]}, "": {"executed_lines": [1, 6, 7, 9, 11, 12, 18, 20, 21, 25, 48, 53, 74, 82, 99, 108], "summary": {"covered_lines": 15, "num_statements": 15, "percent_covered": 100.0, "percent_covered_display": "100.00", "missing_lines": 0, "excluded_lines": 0, "num_branches": 0, "num_partial_branches": 0, "covered_branches": 0, "missing_branches": 0}, "missing_lines": [], "excluded_lines": [], "executed_branches": [], "missing_branches": []}}, "classes": {"": {"executed_lines": [1, 6, 7, 9, 11, 12, 18, 20, 21, 25, 48, 53, 60, 62, 63, 66, 68, 74, 82, 99, 108], "summary": {"covered_lines": 20, "num_statements": 38, "percent_covered": 43.75, "percent_covered_display": "43.75", "missing_lines": 18, "excluded_lines": 0, "num_branches": 10, "num_partial_branches": 1, "covered_branches": 1, "missing_branches": 9}, "missing_lines": [64, 87, 88, 90, 91, 92, 97, 113, 117, 118, 119, 120, 121, 123, 124, 125, 134, 135], "excluded_lines": [], "executed_branches": [[63, 66]], "missing_branches": [[63, 64], [90, 91], [90, 97], [118, 119], [118, 123], [119, 118], [119, 120], [123, 124], [123, 134]]}}}, "src/openpypi/api/schemas.py": {"executed_lines": [1, 5, 6, 8, 12, 13, 14, 15, 16, 18, 19, 20, 21, 22, 24, 25, 26, 27, 28, 29, 32, 33, 34, 35, 36, 37, 40, 41, 42, 43, 44, 45, 46, 47, 48, 49, 50, 51, 52, 53, 57, 58, 59, 60, 61, 62, 63, 65, 66, 67, 70, 71, 72, 73, 74, 75, 76, 77, 78, 79, 82, 83, 84, 87, 88, 89, 90, 91, 92, 94, 95, 96, 99, 100, 101, 102, 104, 105, 106, 108, 109, 110, 111, 112, 113, 115, 116, 117, 120, 121, 122, 123, 124, 125, 126, 127, 128], "summary": {"covered_lines": 80, "num_statements": 80, "percent_covered": 100.0, "percent_covered_display": "100.00", "missing_lines": 0, "excluded_lines": 0, "num_branches": 0, "num_partial_branches": 0, "covered_branches": 0, "missing_branches": 0}, "missing_lines": [], "excluded_lines": [], "executed_branches": [], "missing_branches": [], "functions": {"": {"executed_lines": [1, 5, 6, 8, 12, 13, 14, 15, 16, 18, 19, 20, 21, 22, 24, 25, 26, 27, 28, 29, 32, 33, 34, 35, 36, 37, 40, 41, 42, 43, 44, 45, 46, 47, 48, 49, 50, 51, 52, 53, 57, 58, 59, 60, 61, 62, 63, 65, 66, 67, 70, 71, 72, 73, 74, 75, 76, 77, 78, 79, 82, 83, 84, 87, 88, 89, 90, 91, 92, 94, 95, 96, 99, 100, 101, 102, 104, 105, 106, 108, 109, 110, 111, 112, 113, 115, 116, 117, 120, 121, 122, 123, 124, 125, 126, 127, 128], "summary": {"covered_lines": 80, "num_statements": 80, "percent_covered": 100.0, "percent_covered_display": "100.00", "missing_lines": 0, "excluded_lines": 0, "num_branches": 0, "num_partial_branches": 0, "covered_branches": 0, "missing_branches": 0}, "missing_lines": [], "excluded_lines": [], "executed_branches": [], "missing_branches": []}}, "classes": {"APIResponse": {"executed_lines": [], "summary": {"covered_lines": 0, "num_statements": 0, "percent_covered": 100.0, "percent_covered_display": "100.00", "missing_lines": 0, "excluded_lines": 0, "num_branches": 0, "num_partial_branches": 0, "covered_branches": 0, "missing_branches": 0}, "missing_lines": [], "excluded_lines": [], "executed_branches": [], "missing_branches": []}, "ErrorDetail": {"executed_lines": [], "summary": {"covered_lines": 0, "num_statements": 0, "percent_covered": 100.0, "percent_covered_display": "100.00", "missing_lines": 0, "excluded_lines": 0, "num_branches": 0, "num_partial_branches": 0, "covered_branches": 0, "missing_branches": 0}, "missing_lines": [], "excluded_lines": [], "executed_branches": [], "missing_branches": []}, "ErrorResponse": {"executed_lines": [], "summary": {"covered_lines": 0, "num_statements": 0, "percent_covered": 100.0, "percent_covered_display": "100.00", "missing_lines": 0, "excluded_lines": 0, "num_branches": 0, "num_partial_branches": 0, "covered_branches": 0, "missing_branches": 0}, "missing_lines": [], "excluded_lines": [], "executed_branches": [], "missing_branches": []}, "HealthStatus": {"executed_lines": [], "summary": {"covered_lines": 0, "num_statements": 0, "percent_covered": 100.0, "percent_covered_display": "100.00", "missing_lines": 0, "excluded_lines": 0, "num_branches": 0, "num_partial_branches": 0, "covered_branches": 0, "missing_branches": 0}, "missing_lines": [], "excluded_lines": [], "executed_branches": [], "missing_branches": []}, "ProjectIdeaRequest": {"executed_lines": [], "summary": {"covered_lines": 0, "num_statements": 0, "percent_covered": 100.0, "percent_covered_display": "100.00", "missing_lines": 0, "excluded_lines": 0, "num_branches": 0, "num_partial_branches": 0, "covered_branches": 0, "missing_branches": 0}, "missing_lines": [], "excluded_lines": [], "executed_branches": [], "missing_branches": []}, "ProjectGenerationResult": {"executed_lines": [], "summary": {"covered_lines": 0, "num_statements": 0, "percent_covered": 100.0, "percent_covered_display": "100.00", "missing_lines": 0, "excluded_lines": 0, "num_branches": 0, "num_partial_branches": 0, "covered_branches": 0, "missing_branches": 0}, "missing_lines": [], "excluded_lines": [], "executed_branches": [], "missing_branches": []}, "GenerationResponse": {"executed_lines": [], "summary": {"covered_lines": 0, "num_statements": 0, "percent_covered": 100.0, "percent_covered_display": "100.00", "missing_lines": 0, "excluded_lines": 0, "num_branches": 0, "num_partial_branches": 0, "covered_branches": 0, "missing_branches": 0}, "missing_lines": [], "excluded_lines": [], "executed_branches": [], "missing_branches": []}, "ProjectMetadata": {"executed_lines": [], "summary": {"covered_lines": 0, "num_statements": 0, "percent_covered": 100.0, "percent_covered_display": "100.00", "missing_lines": 0, "excluded_lines": 0, "num_branches": 0, "num_partial_branches": 0, "covered_branches": 0, "missing_branches": 0}, "missing_lines": [], "excluded_lines": [], "executed_branches": [], "missing_branches": []}, "ProjectListResponse": {"executed_lines": [], "summary": {"covered_lines": 0, "num_statements": 0, "percent_covered": 100.0, "percent_covered_display": "100.00", "missing_lines": 0, "excluded_lines": 0, "num_branches": 0, "num_partial_branches": 0, "covered_branches": 0, "missing_branches": 0}, "missing_lines": [], "excluded_lines": [], "executed_branches": [], "missing_branches": []}, "OpenAICompletionRequest": {"executed_lines": [], "summary": {"covered_lines": 0, "num_statements": 0, "percent_covered": 100.0, "percent_covered_display": "100.00", "missing_lines": 0, "excluded_lines": 0, "num_branches": 0, "num_partial_branches": 0, "covered_branches": 0, "missing_branches": 0}, "missing_lines": [], "excluded_lines": [], "executed_branches": [], "missing_branches": []}, "OpenAICompletionResponse": {"executed_lines": [], "summary": {"covered_lines": 0, "num_statements": 0, "percent_covered": 100.0, "percent_covered_display": "100.00", "missing_lines": 0, "excluded_lines": 0, "num_branches": 0, "num_partial_branches": 0, "covered_branches": 0, "missing_branches": 0}, "missing_lines": [], "excluded_lines": [], "executed_branches": [], "missing_branches": []}, "Token": {"executed_lines": [], "summary": {"covered_lines": 0, "num_statements": 0, "percent_covered": 100.0, "percent_covered_display": "100.00", "missing_lines": 0, "excluded_lines": 0, "num_branches": 0, "num_partial_branches": 0, "covered_branches": 0, "missing_branches": 0}, "missing_lines": [], "excluded_lines": [], "executed_branches": [], "missing_branches": []}, "TokenData": {"executed_lines": [], "summary": {"covered_lines": 0, "num_statements": 0, "percent_covered": 100.0, "percent_covered_display": "100.00", "missing_lines": 0, "excluded_lines": 0, "num_branches": 0, "num_partial_branches": 0, "covered_branches": 0, "missing_branches": 0}, "missing_lines": [], "excluded_lines": [], "executed_branches": [], "missing_branches": []}, "User": {"executed_lines": [], "summary": {"covered_lines": 0, "num_statements": 0, "percent_covered": 100.0, "percent_covered_display": "100.00", "missing_lines": 0, "excluded_lines": 0, "num_branches": 0, "num_partial_branches": 0, "covered_branches": 0, "missing_branches": 0}, "missing_lines": [], "excluded_lines": [], "executed_branches": [], "missing_branches": []}, "UserInDB": {"executed_lines": [], "summary": {"covered_lines": 0, "num_statements": 0, "percent_covered": 100.0, "percent_covered_display": "100.00", "missing_lines": 0, "excluded_lines": 0, "num_branches": 0, "num_partial_branches": 0, "covered_branches": 0, "missing_branches": 0}, "missing_lines": [], "excluded_lines": [], "executed_branches": [], "missing_branches": []}, "TaskStatus": {"executed_lines": [], "summary": {"covered_lines": 0, "num_statements": 0, "percent_covered": 100.0, "percent_covered_display": "100.00", "missing_lines": 0, "excluded_lines": 0, "num_branches": 0, "num_partial_branches": 0, "covered_branches": 0, "missing_branches": 0}, "missing_lines": [], "excluded_lines": [], "executed_branches": [], "missing_branches": []}, "": {"executed_lines": [1, 5, 6, 8, 12, 13, 14, 15, 16, 18, 19, 20, 21, 22, 24, 25, 26, 27, 28, 29, 32, 33, 34, 35, 36, 37, 40, 41, 42, 43, 44, 45, 46, 47, 48, 49, 50, 51, 52, 53, 57, 58, 59, 60, 61, 62, 63, 65, 66, 67, 70, 71, 72, 73, 74, 75, 76, 77, 78, 79, 82, 83, 84, 87, 88, 89, 90, 91, 92, 94, 95, 96, 99, 100, 101, 102, 104, 105, 106, 108, 109, 110, 111, 112, 113, 115, 116, 117, 120, 121, 122, 123, 124, 125, 126, 127, 128], "summary": {"covered_lines": 80, "num_statements": 80, "percent_covered": 100.0, "percent_covered_display": "100.00", "missing_lines": 0, "excluded_lines": 0, "num_branches": 0, "num_partial_branches": 0, "covered_branches": 0, "missing_branches": 0}, "missing_lines": [], "excluded_lines": [], "executed_branches": [], "missing_branches": []}}}, "src/openpypi/cli.py": {"executed_lines": [], "summary": {"covered_lines": 0, "num_statements": 301, "percent_covered": 0.0, "percent_covered_display": "0.00", "missing_lines": 301, "excluded_lines": 2, "num_branches": 86, "num_partial_branches": 0, "covered_branches": 0, "missing_branches": 86}, "missing_lines": [5, 6, 7, 8, 9, 10, 12, 13, 14, 15, 16, 18, 19, 20, 21, 23, 26, 28, 29, 30, 31, 34, 36, 50, 51, 52, 54, 57, 58, 61, 62, 65, 66, 67, 68, 69, 70, 75, 76, 79, 80, 83, 86, 87, 88, 91, 92, 95, 96, 99, 102, 103, 107, 110, 113, 115, 116, 117, 118, 119, 120, 124, 125, 126, 127, 128, 129, 132, 133, 134, 135, 136, 138, 140, 141, 144, 146, 148, 149, 151, 154, 155, 156, 157, 158, 159, 160, 162, 163, 165, 168, 169, 170, 171, 173, 174, 175, 176, 178, 179, 180, 181, 183, 184, 185, 186, 188, 189, 190, 191, 193, 194, 196, 199, 201, 204, 205, 208, 209, 210, 211, 213, 214, 216, 217, 218, 219, 222, 223, 224, 226, 227, 228, 229, 230, 232, 233, 234, 235, 236, 238, 239, 240, 241, 242, 244, 246, 247, 248, 249, 250, 251, 252, 253, 254, 255, 256, 259, 261, 262, 263, 264, 265, 268, 270, 272, 273, 274, 275, 276, 277, 278, 280, 289, 291, 292, 293, 294, 295, 296, 297, 298, 301, 303, 304, 306, 308, 309, 310, 311, 312, 314, 315, 316, 317, 319, 322, 323, 325, 328, 329, 330, 331, 332, 333, 334, 336, 338, 339, 340, 341, 342, 343, 344, 347, 349, 350, 351, 352, 353, 354, 355, 356, 357, 358, 359, 360, 361, 363, 364, 365, 367, 368, 369, 370, 371, 373, 375, 376, 378, 379, 381, 382, 383, 384, 386, 387, 388, 389, 391, 393, 394, 395, 396, 399, 401, 402, 404, 405, 406, 407, 409, 410, 412, 413, 414, 415, 417, 419, 421, 422, 424, 426, 427, 428, 430, 432, 433, 434, 435, 436, 437, 438, 439, 442, 444, 445, 448, 449, 452, 453, 454, 455, 456, 457, 458, 459, 460, 461, 463, 464], "excluded_lines": [467, 468], "executed_branches": [], "missing_branches": [[148, 149], [148, 151], [162, 163], [162, 165], [168, 169], [168, 170], [170, 171], [170, 173], [173, 174], [173, 175], [175, 176], [175, 178], [178, 179], [178, 180], [180, 181], [180, 183], [183, 184], [183, 185], [185, 186], [185, 188], [188, 189], [188, 190], [190, 191], [190, 193], [193, 194], [193, 196], [213, 214], [213, 216], [216, 217], [216, 222], [218, 219], [218, 222], [226, 227], [226, 232], [232, 233], [232, 238], [238, 239], [238, 244], [253, 254], [253, 256], [262, 263], [262, 268], [306, 308], [306, 319], [309, 310], [309, 314], [310, 309], [310, 311], [314, 315], [314, 319], [350, 351], [350, 363], [354, 355], [354, 391], [363, 364], [363, 381], [368, 369], [368, 373], [370, 371], [370, 373], [375, 376], [375, 378], [381, 382], [381, 391], [388, 389], [388, 391], [402, 404], [402, 417], [405, 406], [405, 409], [414, 415], [414, 430], [417, 419], [417, 430], [421, 422], [421, 424], [452, 453], [452, 454], [454, 455], [454, 456], [456, 457], [456, 458], [458, 459], [458, 460], [460, 461], [460, 463]], "functions": {"get_version": {"executed_lines": [], "summary": {"covered_lines": 0, "num_statements": 4, "percent_covered": 0.0, "percent_covered_display": "0.00", "missing_lines": 4, "excluded_lines": 0, "num_branches": 0, "num_partial_branches": 0, "covered_branches": 0, "missing_branches": 0}, "missing_lines": [28, 29, 30, 31], "excluded_lines": [], "executed_branches": [], "missing_branches": []}, "create_parser": {"executed_lines": [], "summary": {"covered_lines": 0, "num_statements": 32, "percent_covered": 0.0, "percent_covered_display": "0.00", "missing_lines": 32, "excluded_lines": 0, "num_branches": 0, "num_partial_branches": 0, "covered_branches": 0, "missing_branches": 0}, "missing_lines": [36, 50, 51, 52, 54, 57, 58, 61, 62, 65, 66, 67, 68, 69, 70, 75, 76, 79, 80, 83, 86, 87, 88, 91, 92, 95, 96, 99, 102, 103, 107, 110], "excluded_lines": [], "executed_branches": [], "missing_branches": []}, "_add_generate_arguments": {"executed_lines": [], "summary": {"covered_lines": 0, "num_statements": 20, "percent_covered": 0.0, "percent_covered_display": "0.00", "missing_lines": 20, "excluded_lines": 0, "num_branches": 0, "num_partial_branches": 0, "covered_branches": 0, "missing_branches": 0}, "missing_lines": [115, 116, 117, 118, 119, 120, 124, 125, 126, 127, 128, 129, 132, 133, 134, 135, 136, 138, 140, 141], "excluded_lines": [], "executed_branches": [], "missing_branches": []}, "handle_create_command": {"executed_lines": [], "summary": {"covered_lines": 0, "num_statements": 81, "percent_covered": 0.0, "percent_covered_display": "0.00", "missing_lines": 81, "excluded_lines": 0, "num_branches": 40, "num_partial_branches": 0, "covered_branches": 0, "missing_branches": 40}, "missing_lines": [146, 148, 149, 151, 154, 155, 156, 157, 158, 159, 160, 162, 163, 165, 168, 169, 170, 171, 173, 174, 175, 176, 178, 179, 180, 181, 183, 184, 185, 186, 188, 189, 190, 191, 193, 194, 196, 199, 201, 204, 205, 208, 209, 210, 211, 213, 214, 216, 217, 218, 219, 222, 223, 224, 226, 227, 228, 229, 230, 232, 233, 234, 235, 236, 238, 239, 240, 241, 242, 244, 246, 247, 248, 249, 250, 251, 252, 253, 254, 255, 256], "excluded_lines": [], "executed_branches": [], "missing_branches": [[148, 149], [148, 151], [162, 163], [162, 165], [168, 169], [168, 170], [170, 171], [170, 173], [173, 174], [173, 175], [175, 176], [175, 178], [178, 179], [178, 180], [180, 181], [180, 183], [183, 184], [183, 185], [185, 186], [185, 188], [188, 189], [188, 190], [190, 191], [190, 193], [193, 194], [193, 196], [213, 214], [213, 216], [216, 217], [216, 222], [218, 219], [218, 222], [226, 227], [226, 232], [232, 233], [232, 238], [238, 239], [238, 244], [253, 254], [253, 256]]}, "handle_serve_command": {"executed_lines": [], "summary": {"covered_lines": 0, "num_statements": 24, "percent_covered": 0.0, "percent_covered_display": "0.00", "missing_lines": 24, "excluded_lines": 0, "num_branches": 2, "num_partial_branches": 0, "covered_branches": 0, "missing_branches": 2}, "missing_lines": [261, 262, 263, 264, 265, 268, 270, 272, 273, 274, 275, 276, 277, 278, 280, 289, 291, 292, 293, 294, 295, 296, 297, 298], "excluded_lines": [], "executed_branches": [], "missing_branches": [[262, 263], [262, 268]]}, "handle_validate_command": {"executed_lines": [], "summary": {"covered_lines": 0, "num_statements": 31, "percent_covered": 0.0, "percent_covered_display": "0.00", "missing_lines": 31, "excluded_lines": 0, "num_branches": 8, "num_partial_branches": 0, "covered_branches": 0, "missing_branches": 8}, "missing_lines": [303, 304, 306, 308, 309, 310, 311, 312, 314, 315, 316, 317, 319, 322, 323, 325, 328, 329, 330, 331, 332, 333, 334, 336, 338, 339, 340, 341, 342, 343, 344], "excluded_lines": [], "executed_branches": [], "missing_branches": [[306, 308], [306, 319], [309, 310], [309, 314], [310, 309], [310, 311], [314, 315], [314, 319]]}, "handle_providers_command": {"executed_lines": [], "summary": {"covered_lines": 0, "num_statements": 39, "percent_covered": 0.0, "percent_covered_display": "0.00", "missing_lines": 39, "excluded_lines": 0, "num_branches": 16, "num_partial_branches": 0, "covered_branches": 0, "missing_branches": 16}, "missing_lines": [349, 350, 351, 352, 353, 354, 355, 356, 357, 358, 359, 360, 361, 363, 364, 365, 367, 368, 369, 370, 371, 373, 375, 376, 378, 379, 381, 382, 383, 384, 386, 387, 388, 389, 391, 393, 394, 395, 396], "excluded_lines": [], "executed_branches": [], "missing_branches": [[350, 351], [350, 363], [354, 355], [354, 391], [363, 364], [363, 381], [368, 369], [368, 373], [370, 371], [370, 373], [375, 376], [375, 378], [381, 382], [381, 391], [388, 389], [388, 391]]}, "handle_config_command": {"executed_lines": [], "summary": {"covered_lines": 0, "num_statements": 29, "percent_covered": 0.0, "percent_covered_display": "0.00", "missing_lines": 29, "excluded_lines": 0, "num_branches": 10, "num_partial_branches": 0, "covered_branches": 0, "missing_branches": 10}, "missing_lines": [401, 402, 404, 405, 406, 407, 409, 410, 412, 413, 414, 415, 417, 419, 421, 422, 424, 426, 427, 428, 430, 432, 433, 434, 435, 436, 437, 438, 439], "excluded_lines": [], "executed_branches": [], "missing_branches": [[402, 404], [402, 417], [405, 406], [405, 409], [414, 415], [414, 430], [417, 419], [417, 430], [421, 422], [421, 424]]}, "main": {"executed_lines": [], "summary": {"covered_lines": 0, "num_statements": 16, "percent_covered": 0.0, "percent_covered_display": "0.00", "missing_lines": 16, "excluded_lines": 0, "num_branches": 10, "num_partial_branches": 0, "covered_branches": 0, "missing_branches": 10}, "missing_lines": [444, 445, 448, 449, 452, 453, 454, 455, 456, 457, 458, 459, 460, 461, 463, 464], "excluded_lines": [], "executed_branches": [], "missing_branches": [[452, 453], [452, 454], [454, 455], [454, 456], [456, 457], [456, 458], [458, 459], [458, 460], [460, 461], [460, 463]]}, "": {"executed_lines": [], "summary": {"covered_lines": 0, "num_statements": 25, "percent_covered": 0.0, "percent_covered_display": "0.00", "missing_lines": 25, "excluded_lines": 2, "num_branches": 0, "num_partial_branches": 0, "covered_branches": 0, "missing_branches": 0}, "missing_lines": [5, 6, 7, 8, 9, 10, 12, 13, 14, 15, 16, 18, 19, 20, 21, 23, 26, 34, 113, 144, 259, 301, 347, 399, 442], "excluded_lines": [467, 468], "executed_branches": [], "missing_branches": []}}, "classes": {"": {"executed_lines": [], "summary": {"covered_lines": 0, "num_statements": 301, "percent_covered": 0.0, "percent_covered_display": "0.00", "missing_lines": 301, "excluded_lines": 2, "num_branches": 86, "num_partial_branches": 0, "covered_branches": 0, "missing_branches": 86}, "missing_lines": [5, 6, 7, 8, 9, 10, 12, 13, 14, 15, 16, 18, 19, 20, 21, 23, 26, 28, 29, 30, 31, 34, 36, 50, 51, 52, 54, 57, 58, 61, 62, 65, 66, 67, 68, 69, 70, 75, 76, 79, 80, 83, 86, 87, 88, 91, 92, 95, 96, 99, 102, 103, 107, 110, 113, 115, 116, 117, 118, 119, 120, 124, 125, 126, 127, 128, 129, 132, 133, 134, 135, 136, 138, 140, 141, 144, 146, 148, 149, 151, 154, 155, 156, 157, 158, 159, 160, 162, 163, 165, 168, 169, 170, 171, 173, 174, 175, 176, 178, 179, 180, 181, 183, 184, 185, 186, 188, 189, 190, 191, 193, 194, 196, 199, 201, 204, 205, 208, 209, 210, 211, 213, 214, 216, 217, 218, 219, 222, 223, 224, 226, 227, 228, 229, 230, 232, 233, 234, 235, 236, 238, 239, 240, 241, 242, 244, 246, 247, 248, 249, 250, 251, 252, 253, 254, 255, 256, 259, 261, 262, 263, 264, 265, 268, 270, 272, 273, 274, 275, 276, 277, 278, 280, 289, 291, 292, 293, 294, 295, 296, 297, 298, 301, 303, 304, 306, 308, 309, 310, 311, 312, 314, 315, 316, 317, 319, 322, 323, 325, 328, 329, 330, 331, 332, 333, 334, 336, 338, 339, 340, 341, 342, 343, 344, 347, 349, 350, 351, 352, 353, 354, 355, 356, 357, 358, 359, 360, 361, 363, 364, 365, 367, 368, 369, 370, 371, 373, 375, 376, 378, 379, 381, 382, 383, 384, 386, 387, 388, 389, 391, 393, 394, 395, 396, 399, 401, 402, 404, 405, 406, 407, 409, 410, 412, 413, 414, 415, 417, 419, 421, 422, 424, 426, 427, 428, 430, 432, 433, 434, 435, 436, 437, 438, 439, 442, 444, 445, 448, 449, 452, 453, 454, 455, 456, 457, 458, 459, 460, 461, 463, 464], "excluded_lines": [467, 468], "executed_branches": [], "missing_branches": [[148, 149], [148, 151], [162, 163], [162, 165], [168, 169], [168, 170], [170, 171], [170, 173], [173, 174], [173, 175], [175, 176], [175, 178], [178, 179], [178, 180], [180, 181], [180, 183], [183, 184], [183, 185], [185, 186], [185, 188], [188, 189], [188, 190], [190, 191], [190, 193], [193, 194], [193, 196], [213, 214], [213, 216], [216, 217], [216, 222], [218, 219], [218, 222], [226, 227], [226, 232], [232, 233], [232, 238], [238, 239], [238, 244], [253, 254], [253, 256], [262, 263], [262, 268], [306, 308], [306, 319], [309, 310], [309, 314], [310, 309], [310, 311], [314, 315], [314, 319], [350, 351], [350, 363], [354, 355], [354, 391], [363, 364], [363, 381], [368, 369], [368, 373], [370, 371], [370, 373], [375, 376], [375, 378], [381, 382], [381, 391], [388, 389], [388, 391], [402, 404], [402, 417], [405, 406], [405, 409], [414, 415], [414, 430], [417, 419], [417, 430], [421, 422], [421, 424], [452, 453], [452, 454], [454, 455], [454, 456], [456, 457], [456, 458], [458, 459], [458, 460], [460, 461], [460, 463]]}}}, "src/openpypi/core/__init__.py": {"executed_lines": [1, 5, 6, 7, 9], "summary": {"covered_lines": 4, "num_statements": 4, "percent_covered": 100.0, "percent_covered_display": "100.00", "missing_lines": 0, "excluded_lines": 0, "num_branches": 0, "num_partial_branches": 0, "covered_branches": 0, "missing_branches": 0}, "missing_lines": [], "excluded_lines": [], "executed_branches": [], "missing_branches": [], "functions": {"": {"executed_lines": [1, 5, 6, 7, 9], "summary": {"covered_lines": 4, "num_statements": 4, "percent_covered": 100.0, "percent_covered_display": "100.00", "missing_lines": 0, "excluded_lines": 0, "num_branches": 0, "num_partial_branches": 0, "covered_branches": 0, "missing_branches": 0}, "missing_lines": [], "excluded_lines": [], "executed_branches": [], "missing_branches": []}}, "classes": {"": {"executed_lines": [1, 5, 6, 7, 9], "summary": {"covered_lines": 4, "num_statements": 4, "percent_covered": 100.0, "percent_covered_display": "100.00", "missing_lines": 0, "excluded_lines": 0, "num_branches": 0, "num_partial_branches": 0, "covered_branches": 0, "missing_branches": 0}, "missing_lines": [], "excluded_lines": [], "executed_branches": [], "missing_branches": []}}}, "src/openpypi/core/config.py": {"executed_lines": [1, 5, 6, 7, 8, 9, 11, 12, 16, 17, 19, 22, 23, 24, 27, 28, 29, 30, 31, 32, 33, 34, 37, 38, 41, 42, 43, 44, 45, 46, 47, 50, 51, 54, 55, 56, 59, 60, 62, 63, 65, 67, 68, 70, 71, 72, 73, 74, 75, 76, 81, 82, 84, 89, 90, 92, 95, 117, 118, 119, 121, 131, 132, 133, 134, 137, 139, 141, 143, 144, 145, 146, 148, 149, 151, 174, 176, 179, 180, 182, 185, 186, 188, 189, 192, 193, 196, 197, 200, 201, 204, 207, 208, 210, 212, 213, 214, 216, 218, 220, 223, 224, 226, 227, 229, 230, 232, 234, 236, 238, 242, 244, 246, 250, 252, 254, 256, 257, 261, 266, 277, 278, 281, 282, 283, 284, 285, 286, 289, 290, 295, 296], "summary": {"covered_lines": 129, "num_statements": 159, "percent_covered": 81.5668202764977, "percent_covered_display": "81.57", "missing_lines": 30, "excluded_lines": 0, "num_branches": 58, "num_partial_branches": 6, "covered_branches": 48, "missing_branches": 10}, "missing_lines": [13, 14, 78, 86, 87, 135, 153, 154, 156, 157, 158, 159, 160, 161, 162, 164, 165, 166, 167, 169, 171, 172, 183, 205, 240, 248, 259, 263, 291, 292], "excluded_lines": [], "executed_branches": [[67, 68], [67, 70], [71, 72], [71, 74], [74, 75], [81, 82], [81, 84], [117, 118], [117, 139], [119, 117], [119, 121], [121, 131], [121, 132], [132, 133], [132, 134], [134, 137], [144, 145], [144, 149], [145, 146], [145, 148], [179, 180], [179, 182], [182, 185], [185, 186], [185, 188], [188, 189], [188, 192], [192, 193], [192, 196], [196, 197], [196, 200], [200, 201], [200, 204], [204, 207], [207, -174], [207, 208], [212, -210], [212, 213], [213, 214], [213, 216], [256, 257], [277, 278], [277, 281], [282, 283], [282, 289], [284, 282], [284, 285], [290, 295]], "missing_branches": [[74, 78], [134, 135], [157, 158], [157, 160], [160, 161], [160, 169], [182, 183], [204, 205], [256, 259], [290, 291]], "functions": {"Config.from_file": {"executed_lines": [65, 67, 68, 70, 71, 72, 73, 74, 75, 76, 81, 82, 84], "summary": {"covered_lines": 13, "num_statements": 16, "percent_covered": 83.33333333333333, "percent_covered_display": "83.33", "missing_lines": 3, "excluded_lines": 0, "num_branches": 8, "num_partial_branches": 1, "covered_branches": 7, "missing_branches": 1}, "missing_lines": [78, 86, 87], "excluded_lines": [], "executed_branches": [[67, 68], [67, 70], [71, 72], [71, 74], [74, 75], [81, 82], [81, 84]], "missing_branches": [[74, 78]]}, "Config.from_env": {"executed_lines": [92, 95, 117, 118, 119, 121, 131, 132, 133, 134, 137, 139], "summary": {"covered_lines": 12, "num_statements": 13, "percent_covered": 91.30434782608695, "percent_covered_display": "91.30", "missing_lines": 1, "excluded_lines": 0, "num_branches": 10, "num_partial_branches": 1, "covered_branches": 9, "missing_branches": 1}, "missing_lines": [135], "excluded_lines": [], "executed_branches": [[117, 118], [117, 139], [119, 117], [119, 121], [121, 131], [121, 132], [132, 133], [132, 134], [134, 137]], "missing_branches": [[134, 135]]}, "Config.to_dict": {"executed_lines": [143, 144, 145, 146, 148, 149], "summary": {"covered_lines": 6, "num_statements": 6, "percent_covered": 100.0, "percent_covered_display": "100.00", "missing_lines": 0, "excluded_lines": 0, "num_branches": 4, "num_partial_branches": 0, "covered_branches": 4, "missing_branches": 0}, "missing_lines": [], "excluded_lines": [], "executed_branches": [[144, 145], [144, 149], [145, 146], [145, 148]], "missing_branches": []}, "Config.to_file": {"executed_lines": [], "summary": {"covered_lines": 0, "num_statements": 16, "percent_covered": 0.0, "percent_covered_display": "0.00", "missing_lines": 16, "excluded_lines": 0, "num_branches": 4, "num_partial_branches": 0, "covered_branches": 0, "missing_branches": 4}, "missing_lines": [153, 154, 156, 157, 158, 159, 160, 161, 162, 164, 165, 166, 167, 169, 171, 172], "excluded_lines": [], "executed_branches": [], "missing_branches": [[157, 158], [157, 160], [160, 161], [160, 169]]}, "Config.validate": {"executed_lines": [176, 179, 180, 182, 185, 186, 188, 189, 192, 193, 196, 197, 200, 201, 204, 207, 208], "summary": {"covered_lines": 17, "num_statements": 19, "percent_covered": 89.1891891891892, "percent_covered_display": "89.19", "missing_lines": 2, "excluded_lines": 0, "num_branches": 18, "num_partial_branches": 2, "covered_branches": 16, "missing_branches": 2}, "missing_lines": [183, 205], "excluded_lines": [], "executed_branches": [[179, 180], [179, 182], [182, 185], [185, 186], [185, 188], [188, 189], [188, 192], [192, 193], [192, 196], [196, 197], [196, 200], [200, 201], [200, 204], [204, 207], [207, -174], [207, 208]], "missing_branches": [[182, 183], [204, 205]]}, "Config.update": {"executed_lines": [212, 213, 214, 216], "summary": {"covered_lines": 4, "num_statements": 4, "percent_covered": 100.0, "percent_covered_display": "100.00", "missing_lines": 0, "excluded_lines": 0, "num_branches": 4, "num_partial_branches": 0, "covered_branches": 4, "missing_branches": 0}, "missing_lines": [], "excluded_lines": [], "executed_branches": [[212, -210], [212, 213], [213, 214], [213, 216]], "missing_branches": []}, "Config.get": {"executed_lines": [220], "summary": {"covered_lines": 1, "num_statements": 1, "percent_covered": 100.0, "percent_covered_display": "100.00", "missing_lines": 0, "excluded_lines": 0, "num_branches": 0, "num_partial_branches": 0, "covered_branches": 0, "missing_branches": 0}, "missing_lines": [], "excluded_lines": [], "executed_branches": [], "missing_branches": []}, "ConfigManager.__init__": {"executed_lines": [227], "summary": {"covered_lines": 1, "num_statements": 1, "percent_covered": 100.0, "percent_covered_display": "100.00", "missing_lines": 0, "excluded_lines": 0, "num_branches": 0, "num_partial_branches": 0, "covered_branches": 0, "missing_branches": 0}, "missing_lines": [], "excluded_lines": [], "executed_branches": [], "missing_branches": []}, "ConfigManager.config": {"executed_lines": [232], "summary": {"covered_lines": 1, "num_statements": 1, "percent_covered": 100.0, "percent_covered_display": "100.00", "missing_lines": 0, "excluded_lines": 0, "num_branches": 0, "num_partial_branches": 0, "covered_branches": 0, "missing_branches": 0}, "missing_lines": [], "excluded_lines": [], "executed_branches": [], "missing_branches": []}, "ConfigManager.load_from_file": {"executed_lines": [236], "summary": {"covered_lines": 1, "num_statements": 1, "percent_covered": 100.0, "percent_covered_display": "100.00", "missing_lines": 0, "excluded_lines": 0, "num_branches": 0, "num_partial_branches": 0, "covered_branches": 0, "missing_branches": 0}, "missing_lines": [], "excluded_lines": [], "executed_branches": [], "missing_branches": []}, "ConfigManager.load_from_env": {"executed_lines": [], "summary": {"covered_lines": 0, "num_statements": 1, "percent_covered": 0.0, "percent_covered_display": "0.00", "missing_lines": 1, "excluded_lines": 0, "num_branches": 0, "num_partial_branches": 0, "covered_branches": 0, "missing_branches": 0}, "missing_lines": [240], "excluded_lines": [], "executed_branches": [], "missing_branches": []}, "ConfigManager.update_config": {"executed_lines": [244], "summary": {"covered_lines": 1, "num_statements": 1, "percent_covered": 100.0, "percent_covered_display": "100.00", "missing_lines": 0, "excluded_lines": 0, "num_branches": 0, "num_partial_branches": 0, "covered_branches": 0, "missing_branches": 0}, "missing_lines": [], "excluded_lines": [], "executed_branches": [], "missing_branches": []}, "ConfigManager.validate_config": {"executed_lines": [], "summary": {"covered_lines": 0, "num_statements": 1, "percent_covered": 0.0, "percent_covered_display": "0.00", "missing_lines": 1, "excluded_lines": 0, "num_branches": 0, "num_partial_branches": 0, "covered_branches": 0, "missing_branches": 0}, "missing_lines": [248], "excluded_lines": [], "executed_branches": [], "missing_branches": []}, "ConfigManager.get_setting": {"executed_lines": [252], "summary": {"covered_lines": 1, "num_statements": 1, "percent_covered": 100.0, "percent_covered_display": "100.00", "missing_lines": 0, "excluded_lines": 0, "num_branches": 0, "num_partial_branches": 0, "covered_branches": 0, "missing_branches": 0}, "missing_lines": [], "excluded_lines": [], "executed_branches": [], "missing_branches": []}, "ConfigManager.set_setting": {"executed_lines": [256, 257], "summary": {"covered_lines": 2, "num_statements": 3, "percent_covered": 60.0, "percent_covered_display": "60.00", "missing_lines": 1, "excluded_lines": 0, "num_branches": 2, "num_partial_branches": 1, "covered_branches": 1, "missing_branches": 1}, "missing_lines": [259], "excluded_lines": [], "executed_branches": [[256, 257]], "missing_branches": [[256, 259]]}, "ConfigManager.get_config": {"executed_lines": [], "summary": {"covered_lines": 0, "num_statements": 1, "percent_covered": 0.0, "percent_covered_display": "0.00", "missing_lines": 1, "excluded_lines": 0, "num_branches": 0, "num_partial_branches": 0, "covered_branches": 0, "missing_branches": 0}, "missing_lines": [263], "excluded_lines": [], "executed_branches": [], "missing_branches": []}, "load_config": {"executed_lines": [277, 278, 281, 282, 283, 284, 285, 286, 289, 290, 295, 296], "summary": {"covered_lines": 12, "num_statements": 14, "percent_covered": 86.36363636363636, "percent_covered_display": "86.36", "missing_lines": 2, "excluded_lines": 0, "num_branches": 8, "num_partial_branches": 1, "covered_branches": 7, "missing_branches": 1}, "missing_lines": [291, 292], "excluded_lines": [], "executed_branches": [[277, 278], [277, 281], [282, 283], [282, 289], [284, 282], [284, 285], [290, 295]], "missing_branches": [[290, 291]]}, "": {"executed_lines": [1, 5, 6, 7, 8, 9, 11, 12, 16, 17, 19, 22, 23, 24, 27, 28, 29, 30, 31, 32, 33, 34, 37, 38, 41, 42, 43, 44, 45, 46, 47, 50, 51, 54, 55, 56, 59, 60, 62, 63, 89, 90, 141, 151, 174, 210, 218, 223, 224, 226, 229, 230, 234, 238, 242, 246, 250, 254, 261, 266], "summary": {"covered_lines": 57, "num_statements": 59, "percent_covered": 96.61016949152543, "percent_covered_display": "96.61", "missing_lines": 2, "excluded_lines": 0, "num_branches": 0, "num_partial_branches": 0, "covered_branches": 0, "missing_branches": 0}, "missing_lines": [13, 14], "excluded_lines": [], "executed_branches": [], "missing_branches": []}}, "classes": {"Config": {"executed_lines": [65, 67, 68, 70, 71, 72, 73, 74, 75, 76, 81, 82, 84, 92, 95, 117, 118, 119, 121, 131, 132, 133, 134, 137, 139, 143, 144, 145, 146, 148, 149, 176, 179, 180, 182, 185, 186, 188, 189, 192, 193, 196, 197, 200, 201, 204, 207, 208, 212, 213, 214, 216, 220], "summary": {"covered_lines": 53, "num_statements": 75, "percent_covered": 75.60975609756098, "percent_covered_display": "75.61", "missing_lines": 22, "excluded_lines": 0, "num_branches": 48, "num_partial_branches": 4, "covered_branches": 40, "missing_branches": 8}, "missing_lines": [78, 86, 87, 135, 153, 154, 156, 157, 158, 159, 160, 161, 162, 164, 165, 166, 167, 169, 171, 172, 183, 205], "excluded_lines": [], "executed_branches": [[67, 68], [67, 70], [71, 72], [71, 74], [74, 75], [81, 82], [81, 84], [117, 118], [117, 139], [119, 117], [119, 121], [121, 131], [121, 132], [132, 133], [132, 134], [134, 137], [144, 145], [144, 149], [145, 146], [145, 148], [179, 180], [179, 182], [182, 185], [185, 186], [185, 188], [188, 189], [188, 192], [192, 193], [192, 196], [196, 197], [196, 200], [200, 201], [200, 204], [204, 207], [207, -174], [207, 208], [212, -210], [212, 213], [213, 214], [213, 216]], "missing_branches": [[74, 78], [134, 135], [157, 158], [157, 160], [160, 161], [160, 169], [182, 183], [204, 205]]}, "ConfigManager": {"executed_lines": [227, 232, 236, 244, 252, 256, 257], "summary": {"covered_lines": 7, "num_statements": 11, "percent_covered": 61.53846153846154, "percent_covered_display": "61.54", "missing_lines": 4, "excluded_lines": 0, "num_branches": 2, "num_partial_branches": 1, "covered_branches": 1, "missing_branches": 1}, "missing_lines": [240, 248, 259, 263], "excluded_lines": [], "executed_branches": [[256, 257]], "missing_branches": [[256, 259]]}, "": {"executed_lines": [1, 5, 6, 7, 8, 9, 11, 12, 16, 17, 19, 22, 23, 24, 27, 28, 29, 30, 31, 32, 33, 34, 37, 38, 41, 42, 43, 44, 45, 46, 47, 50, 51, 54, 55, 56, 59, 60, 62, 63, 89, 90, 141, 151, 174, 210, 218, 223, 224, 226, 229, 230, 234, 238, 242, 246, 250, 254, 261, 266, 277, 278, 281, 282, 283, 284, 285, 286, 289, 290, 295, 296], "summary": {"covered_lines": 69, "num_statements": 73, "percent_covered": 93.82716049382717, "percent_covered_display": "93.83", "missing_lines": 4, "excluded_lines": 0, "num_branches": 8, "num_partial_branches": 1, "covered_branches": 7, "missing_branches": 1}, "missing_lines": [13, 14, 291, 292], "excluded_lines": [], "executed_branches": [[277, 278], [277, 281], [282, 283], [282, 289], [284, 282], [284, 285], [290, 295]], "missing_branches": [[290, 291]]}}}, "src/openpypi/core/context.py": {"executed_lines": [1, 5, 6, 7, 8, 9, 10, 12, 15, 16, 17, 26, 27, 28, 29, 30, 31, 32, 33, 34, 35, 38, 39, 40, 41, 42, 43, 46, 49, 50, 52, 61, 77, 81, 85, 94, 99, 107, 115, 116, 127, 131, 135, 140, 141, 143, 145, 147, 149, 151, 153, 155, 157, 159, 161, 163, 165, 166, 168, 170, 172, 174, 176, 178, 180, 181, 183, 185, 187, 188, 189, 191, 193, 196, 197, 199, 201, 203, 205, 209, 225, 226, 228, 230, 232, 234, 236, 238, 239, 241, 243, 245, 247, 248, 250, 252, 253, 262, 263, 270, 272, 274], "summary": {"covered_lines": 98, "num_statements": 137, "percent_covered": 64.15094339622641, "percent_covered_display": "64.15", "missing_lines": 39, "excluded_lines": 0, "num_branches": 22, "num_partial_branches": 2, "covered_branches": 4, "missing_branches": 18}, "missing_lines": [54, 55, 58, 59, 63, 64, 65, 67, 68, 70, 72, 73, 75, 79, 83, 87, 88, 89, 91, 92, 96, 97, 101, 103, 104, 105, 109, 110, 112, 113, 118, 119, 122, 123, 125, 129, 133, 137, 206], "excluded_lines": [], "executed_branches": [[165, -163], [165, 166], [205, 209], [262, 263]], "missing_branches": [[54, 55], [54, 58], [58, -52], [58, 59], [67, 68], [67, 70], [87, 88], [87, 91], [88, -85], [88, 89], [91, -85], [91, 92], [96, -94], [96, 97], [109, 110], [109, 112], [205, 206], [262, 270]], "functions": {"PackageContext.__post_init__": {"executed_lines": [], "summary": {"covered_lines": 0, "num_statements": 4, "percent_covered": 0.0, "percent_covered_display": "0.00", "missing_lines": 4, "excluded_lines": 0, "num_branches": 4, "num_partial_branches": 0, "covered_branches": 0, "missing_branches": 4}, "missing_lines": [54, 55, 58, 59], "excluded_lines": [], "executed_branches": [], "missing_branches": [[54, 55], [54, 58], [58, -52], [58, 59]]}, "PackageContext._generate_package_name": {"executed_lines": [], "summary": {"covered_lines": 0, "num_statements": 9, "percent_covered": 0.0, "percent_covered_display": "0.00", "missing_lines": 9, "excluded_lines": 0, "num_branches": 2, "num_partial_branches": 0, "covered_branches": 0, "missing_branches": 2}, "missing_lines": [63, 64, 65, 67, 68, 70, 72, 73, 75], "excluded_lines": [], "executed_branches": [], "missing_branches": [[67, 68], [67, 70]]}, "PackageContext.set_stage_output": {"executed_lines": [], "summary": {"covered_lines": 0, "num_statements": 1, "percent_covered": 0.0, "percent_covered_display": "0.00", "missing_lines": 1, "excluded_lines": 0, "num_branches": 0, "num_partial_branches": 0, "covered_branches": 0, "missing_branches": 0}, "missing_lines": [79], "excluded_lines": [], "executed_branches": [], "missing_branches": []}, "PackageContext.get_stage_output": {"executed_lines": [], "summary": {"covered_lines": 0, "num_statements": 1, "percent_covered": 0.0, "percent_covered_display": "0.00", "missing_lines": 1, "excluded_lines": 0, "num_branches": 0, "num_partial_branches": 0, "covered_branches": 0, "missing_branches": 0}, "missing_lines": [83], "excluded_lines": [], "executed_branches": [], "missing_branches": []}, "PackageContext.add_dependency": {"executed_lines": [], "summary": {"covered_lines": 0, "num_statements": 5, "percent_covered": 0.0, "percent_covered_display": "0.00", "missing_lines": 5, "excluded_lines": 0, "num_branches": 6, "num_partial_branches": 0, "covered_branches": 0, "missing_branches": 6}, "missing_lines": [87, 88, 89, 91, 92], "excluded_lines": [], "executed_branches": [], "missing_branches": [[87, 88], [87, 91], [88, -85], [88, 89], [91, -85], [91, 92]]}, "PackageContext.add_feature": {"executed_lines": [], "summary": {"covered_lines": 0, "num_statements": 2, "percent_covered": 0.0, "percent_covered_display": "0.00", "missing_lines": 2, "excluded_lines": 0, "num_branches": 2, "num_partial_branches": 0, "covered_branches": 0, "missing_branches": 2}, "missing_lines": [96, 97], "excluded_lines": [], "executed_branches": [], "missing_branches": [[96, -94], [96, 97]]}, "PackageContext.to_dict": {"executed_lines": [], "summary": {"covered_lines": 0, "num_statements": 4, "percent_covered": 0.0, "percent_covered_display": "0.00", "missing_lines": 4, "excluded_lines": 0, "num_branches": 0, "num_partial_branches": 0, "covered_branches": 0, "missing_branches": 0}, "missing_lines": [101, 103, 104, 105], "excluded_lines": [], "executed_branches": [], "missing_branches": []}, "PackageContext.save": {"executed_lines": [], "summary": {"covered_lines": 0, "num_statements": 4, "percent_covered": 0.0, "percent_covered_display": "0.00", "missing_lines": 4, "excluded_lines": 0, "num_branches": 2, "num_partial_branches": 0, "covered_branches": 0, "missing_branches": 2}, "missing_lines": [109, 110, 112, 113], "excluded_lines": [], "executed_branches": [], "missing_branches": [[109, 110], [109, 112]]}, "PackageContext.load": {"executed_lines": [], "summary": {"covered_lines": 0, "num_statements": 5, "percent_covered": 0.0, "percent_covered_display": "0.00", "missing_lines": 5, "excluded_lines": 0, "num_branches": 0, "num_partial_branches": 0, "covered_branches": 0, "missing_branches": 0}, "missing_lines": [118, 119, 122, 123, 125], "excluded_lines": [], "executed_branches": [], "missing_branches": []}, "PackageContext.get_package_dir": {"executed_lines": [], "summary": {"covered_lines": 0, "num_statements": 1, "percent_covered": 0.0, "percent_covered_display": "0.00", "missing_lines": 1, "excluded_lines": 0, "num_branches": 0, "num_partial_branches": 0, "covered_branches": 0, "missing_branches": 0}, "missing_lines": [129], "excluded_lines": [], "executed_branches": [], "missing_branches": []}, "PackageContext.get_tests_dir": {"executed_lines": [], "summary": {"covered_lines": 0, "num_statements": 1, "percent_covered": 0.0, "percent_covered_display": "0.00", "missing_lines": 1, "excluded_lines": 0, "num_branches": 0, "num_partial_branches": 0, "covered_branches": 0, "missing_branches": 0}, "missing_lines": [133], "excluded_lines": [], "executed_branches": [], "missing_branches": []}, "PackageContext.get_docs_dir": {"executed_lines": [], "summary": {"covered_lines": 0, "num_statements": 1, "percent_covered": 0.0, "percent_covered_display": "0.00", "missing_lines": 1, "excluded_lines": 0, "num_branches": 0, "num_partial_branches": 0, "covered_branches": 0, "missing_branches": 0}, "missing_lines": [137], "excluded_lines": [], "executed_branches": [], "missing_branches": []}, "Context.__init__": {"executed_lines": [145], "summary": {"covered_lines": 1, "num_statements": 1, "percent_covered": 100.0, "percent_covered_display": "100.00", "missing_lines": 0, "excluded_lines": 0, "num_branches": 0, "num_partial_branches": 0, "covered_branches": 0, "missing_branches": 0}, "missing_lines": [], "excluded_lines": [], "executed_branches": [], "missing_branches": []}, "Context.get": {"executed_lines": [149], "summary": {"covered_lines": 1, "num_statements": 1, "percent_covered": 100.0, "percent_covered_display": "100.00", "missing_lines": 0, "excluded_lines": 0, "num_branches": 0, "num_partial_branches": 0, "covered_branches": 0, "missing_branches": 0}, "missing_lines": [], "excluded_lines": [], "executed_branches": [], "missing_branches": []}, "Context.set": {"executed_lines": [153], "summary": {"covered_lines": 1, "num_statements": 1, "percent_covered": 100.0, "percent_covered_display": "100.00", "missing_lines": 0, "excluded_lines": 0, "num_branches": 0, "num_partial_branches": 0, "covered_branches": 0, "missing_branches": 0}, "missing_lines": [], "excluded_lines": [], "executed_branches": [], "missing_branches": []}, "Context.has": {"executed_lines": [157], "summary": {"covered_lines": 1, "num_statements": 1, "percent_covered": 100.0, "percent_covered_display": "100.00", "missing_lines": 0, "excluded_lines": 0, "num_branches": 0, "num_partial_branches": 0, "covered_branches": 0, "missing_branches": 0}, "missing_lines": [], "excluded_lines": [], "executed_branches": [], "missing_branches": []}, "Context.remove": {"executed_lines": [161], "summary": {"covered_lines": 1, "num_statements": 1, "percent_covered": 100.0, "percent_covered_display": "100.00", "missing_lines": 0, "excluded_lines": 0, "num_branches": 0, "num_partial_branches": 0, "covered_branches": 0, "missing_branches": 0}, "missing_lines": [], "excluded_lines": [], "executed_branches": [], "missing_branches": []}, "Context.update": {"executed_lines": [165, 166], "summary": {"covered_lines": 2, "num_statements": 2, "percent_covered": 100.0, "percent_covered_display": "100.00", "missing_lines": 0, "excluded_lines": 0, "num_branches": 2, "num_partial_branches": 0, "covered_branches": 2, "missing_branches": 0}, "missing_lines": [], "excluded_lines": [], "executed_branches": [[165, -163], [165, 166]], "missing_branches": []}, "Context.clear": {"executed_lines": [170], "summary": {"covered_lines": 1, "num_statements": 1, "percent_covered": 100.0, "percent_covered_display": "100.00", "missing_lines": 0, "excluded_lines": 0, "num_branches": 0, "num_partial_branches": 0, "covered_branches": 0, "missing_branches": 0}, "missing_lines": [], "excluded_lines": [], "executed_branches": [], "missing_branches": []}, "Context.get_all": {"executed_lines": [174], "summary": {"covered_lines": 1, "num_statements": 1, "percent_covered": 100.0, "percent_covered_display": "100.00", "missing_lines": 0, "excluded_lines": 0, "num_branches": 0, "num_partial_branches": 0, "covered_branches": 0, "missing_branches": 0}, "missing_lines": [], "excluded_lines": [], "executed_branches": [], "missing_branches": []}, "Context.to_dict": {"executed_lines": [178], "summary": {"covered_lines": 1, "num_statem
[...]
issing_branches": 52}, "missing_lines": [87, 89, 90, 92, 93, 96, 100, 302, 303, 304, 305, 309, 312, 313, 314, 317, 318, 319, 321, 325, 326, 328, 330, 331, 334, 335, 336, 340, 342, 343, 344, 345, 346, 348, 352, 353, 354, 356, 357, 358, 359, 362, 363, 364, 366, 367, 370, 371, 373, 374, 375, 379, 380, 381, 382, 415, 417, 418, 421, 435, 436, 439, 441, 442, 459, 460, 461, 464, 465, 466, 469, 470, 473, 474, 476, 477, 489, 491, 492, 495, 496, 497, 500, 502, 503, 524, 525, 526, 528, 531, 543, 546, 547, 548, 555, 556, 557, 560, 561, 562, 564, 574, 575, 584, 587, 589, 590, 591, 594, 597, 598, 599, 601, 602, 605, 606, 609, 610, 613, 614, 616, 618, 619, 621, 630, 673, 674, 679, 688, 733], "excluded_lines": [], "executed_branches": [], "missing_branches": [[87, 89], [87, 92], [302, -98], [302, 303], [304, 302], [304, 305], [318, 319], [318, 321], [325, -323], [325, 326], [328, 330], [328, 334], [335, 325], [335, 336], [342, 343], [342, 348], [343, 342], [343, 344], [345, 342], [345, 346], [354, 356], [354, 362], [357, 358], [357, 362], [362, 363], [362, 366], [380, 381], [380, 382], [417, 418], [417, 421], [435, 436], [435, 439], [460, 461], [460, 464], [491, 492], [491, 495], [496, 497], [496, 500], [525, 526], [525, 528], [547, 548], [547, 555], [589, 590], [589, 621], [590, 591], [590, 594], [598, 599], [598, 601], [609, 610], [609, 613], [673, 674], [673, 679]]}, "TemplateError": {"executed_lines": [], "summary": {"covered_lines": 0, "num_statements": 0, "percent_covered": 100.0, "percent_covered_display": "100.00", "missing_lines": 0, "excluded_lines": 0, "num_branches": 0, "num_partial_branches": 0, "covered_branches": 0, "missing_branches": 0}, "missing_lines": [], "excluded_lines": [], "executed_branches": [], "missing_branches": []}, "": {"executed_lines": [], "summary": {"covered_lines": 0, "num_statements": 44, "percent_covered": 0.0, "percent_covered_display": "0.00", "missing_lines": 44, "excluded_lines": 0, "num_branches": 0, "num_partial_branches": 0, "covered_branches": 0, "missing_branches": 0}, "missing_lines": [5, 6, 7, 8, 9, 10, 12, 14, 16, 19, 20, 23, 24, 25, 26, 27, 28, 29, 30, 31, 32, 33, 34, 35, 37, 54, 55, 82, 85, 98, 307, 323, 338, 350, 377, 384, 444, 479, 505, 577, 623, 681, 736, 738], "excluded_lines": [], "executed_branches": [], "missing_branches": []}}}, "src/openpypi/utils/formatters.py": {"executed_lines": [1, 5, 6, 7, 8, 9, 10, 12, 14, 17, 18, 20, 21, 22, 23, 25, 70, 88, 112, 142, 143, 145, 146, 147, 152, 161, 163, 298, 302, 304, 307, 314, 315, 316, 317, 320, 321, 322, 323, 324, 327, 328, 329, 330, 331, 334, 336, 338, 339, 340, 341, 342, 345, 346, 347, 348, 349, 350, 355, 356, 357, 358, 359, 361, 363, 365, 366, 459, 461, 462, 514, 546, 591, 593, 636, 637, 639, 640, 647, 655, 658, 660, 661, 662, 663, 666, 667, 670, 676, 678, 682, 685, 686, 687, 688, 689, 691, 693, 695, 696, 697, 698, 699, 700, 702, 782, 788, 794], "summary": {"covered_lines": 104, "num_statements": 175, "percent_covered": 59.111111111111114, "percent_covered_display": "59.11", "missing_lines": 71, "excluded_lines": 1, "num_branches": 50, "num_partial_branches": 3, "covered_branches": 29, "missing_branches": 21}, "missing_lines": [39, 40, 42, 44, 45, 46, 47, 50, 51, 52, 53, 54, 57, 58, 59, 60, 61, 64, 65, 66, 68, 72, 73, 75, 79, 81, 82, 83, 84, 85, 86, 90, 91, 93, 103, 105, 106, 107, 108, 109, 110, 114, 115, 116, 118, 119, 120, 121, 122, 125, 126, 127, 128, 129, 130, 131, 132, 133, 134, 135, 137, 139, 154, 429, 656, 671, 672, 674, 786, 792, 798], "excluded_lines": [548], "executed_branches": [[314, 315], [314, 320], [315, 314], [315, 316], [320, 321], [320, 327], [322, 320], [322, 323], [328, 329], [328, 334], [336, 338], [336, 355], [339, 340], [339, 345], [345, 336], [345, 346], [347, 336], [347, 348], [356, 357], [356, 361], [365, 366], [461, 462], [461, 514], [655, 658], [660, 661], [660, 676], [661, 662], [686, 687], [686, 691]], "missing_branches": [[50, 51], [50, 57], [57, 58], [57, 64], [64, 65], [64, 68], [118, 119], [118, 139], [120, 121], [120, 125], [125, 126], [125, 129], [127, 118], [127, 128], [129, 130], [129, 133], [133, 134], [133, 137], [365, 429], [655, 656], [661, 674]], "functions": {"CodeFormatter.__init__": {"executed_lines": [21, 22, 23], "summary": {"covered_lines": 3, "num_statements": 3, "percent_covered": 100.0, "percent_covered_display": "100.00", "missing_lines": 0, "excluded_lines": 0, "num_branches": 0, "num_partial_branches": 0, "covered_branches": 0, "missing_branches": 0}, "missing_lines": [], "excluded_lines": [], "executed_branches": [], "missing_branches": []}, "CodeFormatter.format_code": {"executed_lines": [], "summary": {"covered_lines": 0, "num_statements": 21, "percent_covered": 0.0, "percent_covered_display": "0.00", "missing_lines": 21, "excluded_lines": 0, "num_branches": 6, "num_partial_branches": 0, "covered_branches": 0, "missing_branches": 6}, "missing_lines": [39, 40, 42, 44, 45, 46, 47, 50, 51, 52, 53, 54, 57, 58, 59, 60, 61, 64, 65, 66, 68], "excluded_lines": [], "executed_branches": [], "missing_branches": [[50, 51], [50, 57], [57, 58], [57, 64], [64, 65], [64, 68]]}, "CodeFormatter._apply_black": {"executed_lines": [], "summary": {"covered_lines": 0, "num_statements": 10, "percent_covered": 0.0, "percent_covered_display": "0.00", "missing_lines": 10, "excluded_lines": 0, "num_branches": 0, "num_partial_branches": 0, "covered_branches": 0, "missing_branches": 0}, "missing_lines": [72, 73, 75, 79, 81, 82, 83, 84, 85, 86], "excluded_lines": [], "executed_branches": [], "missing_branches": []}, "CodeFormatter._apply_isort": {"executed_lines": [], "summary": {"covered_lines": 0, "num_statements": 10, "percent_covered": 0.0, "percent_covered_display": "0.00", "missing_lines": 10, "excluded_lines": 0, "num_branches": 0, "num_partial_branches": 0, "covered_branches": 0, "missing_branches": 0}, "missing_lines": [90, 91, 93, 103, 105, 106, 107, 108, 109, 110], "excluded_lines": [], "executed_branches": [], "missing_branches": []}, "CodeFormatter._manual_format": {"executed_lines": [], "summary": {"covered_lines": 0, "num_statements": 21, "percent_covered": 0.0, "percent_covered_display": "0.00", "missing_lines": 21, "excluded_lines": 0, "num_branches": 12, "num_partial_branches": 0, "covered_branches": 0, "missing_branches": 12}, "missing_lines": [114, 115, 116, 118, 119, 120, 121, 122, 125, 126, 127, 128, 129, 130, 131, 132, 133, 134, 135, 137, 139], "excluded_lines": [], "executed_branches": [], "missing_branches": [[118, 119], [118, 139], [120, 121], [120, 125], [125, 126], [125, 129], [127, 118], [127, 128], [129, 130], [129, 133], [133, 134], [133, 137]]}, "ProjectGenerator.__init__": {"executed_lines": [146, 147], "summary": {"covered_lines": 2, "num_statements": 2, "percent_covered": 100.0, "percent_covered_display": "100.00", "missing_lines": 0, "excluded_lines": 0, "num_branches": 0, "num_partial_branches": 0, "covered_branches": 0, "missing_branches": 0}, "missing_lines": [], "excluded_lines": [], "executed_branches": [], "missing_branches": []}, "ProjectGenerator.generate_example_usage": {"executed_lines": [], "summary": {"covered_lines": 0, "num_statements": 1, "percent_covered": 0.0, "percent_covered_display": "0.00", "missing_lines": 1, "excluded_lines": 0, "num_branches": 0, "num_partial_branches": 0, "covered_branches": 0, "missing_branches": 0}, "missing_lines": [154], "excluded_lines": [], "executed_branches": [], "missing_branches": []}, "ProjectGenerator._generate_gitignore": {"executed_lines": [163], "summary": {"covered_lines": 1, "num_statements": 1, "percent_covered": 100.0, "percent_covered_display": "100.00", "missing_lines": 0, "excluded_lines": 0, "num_branches": 0, "num_partial_branches": 0, "covered_branches": 0, "missing_branches": 0}, "missing_lines": [], "excluded_lines": [], "executed_branches": [], "missing_branches": []}, "ProjectGenerator._generate_tests": {"executed_lines": [302, 304, 307, 314, 315, 316, 317, 320, 321, 322, 323, 324, 327, 328, 329, 330, 331, 334, 336, 338, 339, 340, 341, 342, 345, 346, 347, 348, 349, 350, 355, 356, 357, 358, 359, 361], "summary": {"covered_lines": 36, "num_statements": 36, "percent_covered": 100.0, "percent_covered_display": "100.00", "missing_lines": 0, "excluded_lines": 0, "num_branches": 20, "num_partial_branches": 0, "covered_branches": 20, "missing_branches": 0}, "missing_lines": [], "excluded_lines": [], "executed_branches": [[314, 315], [314, 320], [315, 314], [315, 316], [320, 321], [320, 327], [322, 320], [322, 323], [328, 329], [328, 334], [336, 338], [336, 355], [339, 340], [339, 345], [345, 336], [345, 346], [347, 336], [347, 348], [356, 357], [356, 361]], "missing_branches": []}, "ProjectGenerator._generate_conftest": {"executed_lines": [365, 366], "summary": {"covered_lines": 2, "num_statements": 3, "percent_covered": 60.0, "percent_covered_display": "60.00", "missing_lines": 1, "excluded_lines": 0, "num_branches": 2, "num_partial_branches": 1, "covered_branches": 1, "missing_branches": 1}, "missing_lines": [429], "excluded_lines": [], "executed_branches": [[365, 366]], "missing_branches": [[365, 429]]}, "ProjectGenerator._generate_pytest_test": {"executed_lines": [461, 462, 514], "summary": {"covered_lines": 3, "num_statements": 3, "percent_covered": 100.0, "percent_covered_display": "100.00", "missing_lines": 0, "excluded_lines": 0, "num_branches": 2, "num_partial_branches": 0, "covered_branches": 2, "missing_branches": 0}, "missing_lines": [], "excluded_lines": [], "executed_branches": [[461, 462], [461, 514]], "missing_branches": []}, "ProjectGenerator._generate_unittest_test": {"executed_lines": [], "summary": {"covered_lines": 0, "num_statements": 0, "percent_covered": 100.0, "percent_covered_display": "100.00", "missing_lines": 0, "excluded_lines": 1, "num_branches": 0, "num_partial_branches": 0, "covered_branches": 0, "missing_branches": 0}, "missing_lines": [], "excluded_lines": [548], "executed_branches": [], "missing_branches": []}, "ProjectGenerator._generate_test_fixtures": {"executed_lines": [593], "summary": {"covered_lines": 1, "num_statements": 1, "percent_covered": 100.0, "percent_covered_display": "100.00", "missing_lines": 0, "excluded_lines": 0, "num_branches": 0, "num_partial_branches": 0, "covered_branches": 0, "missing_branches": 0}, "missing_lines": [], "excluded_lines": [], "executed_branches": [], "missing_branches": []}, "ConfigFormatter.__init__": {"executed_lines": [640], "summary": {"covered_lines": 1, "num_statements": 1, "percent_covered": 100.0, "percent_covered_display": "100.00", "missing_lines": 0, "excluded_lines": 0, "num_branches": 0, "num_partial_branches": 0, "covered_branches": 0, "missing_branches": 0}, "missing_lines": [], "excluded_lines": [], "executed_branches": [], "missing_branches": []}, "ConfigFormatter.generate_config_files": {"executed_lines": [655, 658, 660, 661, 662, 663, 666, 667, 670, 676], "summary": {"covered_lines": 10, "num_statements": 14, "percent_covered": 70.0, "percent_covered_display": "70.00", "missing_lines": 4, "excluded_lines": 0, "num_branches": 6, "num_partial_branches": 2, "covered_branches": 4, "missing_branches": 2}, "missing_lines": [656, 671, 672, 674], "excluded_lines": [], "executed_branches": [[655, 658], [660, 661], [660, 676], [661, 662]], "missing_branches": [[655, 656], [661, 674]]}, "ConfigFormatter._generate_toml_config": {"executed_lines": [682, 685, 686, 687, 688, 689, 691], "summary": {"covered_lines": 7, "num_statements": 7, "percent_covered": 100.0, "percent_covered_display": "100.00", "missing_lines": 0, "excluded_lines": 0, "num_branches": 2, "num_partial_branches": 0, "covered_branches": 2, "missing_branches": 0}, "missing_lines": [], "excluded_lines": [], "executed_branches": [[686, 687], [686, 691]], "missing_branches": []}, "ConfigFormatter._generate_pyproject_toml": {"executed_lines": [695, 696, 697, 698, 699, 700, 702], "summary": {"covered_lines": 7, "num_statements": 7, "percent_covered": 100.0, "percent_covered_display": "100.00", "missing_lines": 0, "excluded_lines": 0, "num_branches": 0, "num_partial_branches": 0, "covered_branches": 0, "missing_branches": 0}, "missing_lines": [], "excluded_lines": [], "executed_branches": [], "missing_branches": []}, "ConfigFormatter._generate_yaml_config": {"executed_lines": [], "summary": {"covered_lines": 0, "num_statements": 1, "percent_covered": 0.0, "percent_covered_display": "0.00", "missing_lines": 1, "excluded_lines": 0, "num_branches": 0, "num_partial_branches": 0, "covered_branches": 0, "missing_branches": 0}, "missing_lines": [786], "excluded_lines": [], "executed_branches": [], "missing_branches": []}, "ConfigFormatter._generate_json_config": {"executed_lines": [], "summary": {"covered_lines": 0, "num_statements": 1, "percent_covered": 0.0, "percent_covered_display": "0.00", "missing_lines": 1, "excluded_lines": 0, "num_branches": 0, "num_partial_branches": 0, "covered_branches": 0, "missing_branches": 0}, "missing_lines": [792], "excluded_lines": [], "executed_branches": [], "missing_branches": []}, "ConfigFormatter._generate_ini_config": {"executed_lines": [], "summary": {"covered_lines": 0, "num_statements": 1, "percent_covered": 0.0, "percent_covered_display": "0.00", "missing_lines": 1, "excluded_lines": 0, "num_branches": 0, "num_partial_branches": 0, "covered_branches": 0, "missing_branches": 0}, "missing_lines": [798], "excluded_lines": [], "executed_branches": [], "missing_branches": []}, "": {"executed_lines": [1, 5, 6, 7, 8, 9, 10, 12, 14, 17, 18, 20, 25, 70, 88, 112, 142, 143, 145, 152, 161, 298, 363, 459, 546, 591, 636, 637, 639, 647, 678, 693, 782, 788, 794], "summary": {"covered_lines": 31, "num_statements": 31, "percent_covered": 100.0, "percent_covered_display": "100.00", "missing_lines": 0, "excluded_lines": 0, "num_branches": 0, "num_partial_branches": 0, "covered_branches": 0, "missing_branches": 0}, "missing_lines": [], "excluded_lines": [], "executed_branches": [], "missing_branches": []}}, "classes": {"CodeFormatter": {"executed_lines": [21, 22, 23], "summary": {"covered_lines": 3, "num_statements": 65, "percent_covered": 3.6144578313253013, "percent_covered_display": "3.61", "missing_lines": 62, "excluded_lines": 0, "num_branches": 18, "num_partial_branches": 0, "covered_branches": 0, "missing_branches": 18}, "missing_lines": [39, 40, 42, 44, 45, 46, 47, 50, 51, 52, 53, 54, 57, 58, 59, 60, 61, 64, 65, 66, 68, 72, 73, 75, 79, 81, 82, 83, 84, 85, 86, 90, 91, 93, 103, 105, 106, 107, 108, 109, 110, 114, 115, 116, 118, 119, 120, 121, 122, 125, 126, 127, 128, 129, 130, 131, 132, 133, 134, 135, 137, 139], "excluded_lines": [], "executed_branches": [], "missing_branches": [[50, 51], [50, 57], [57, 58], [57, 64], [64, 65], [64, 68], [118, 119], [118, 139], [120, 121], [120, 125], [125, 126], [125, 129], [127, 118], [127, 128], [129, 130], [129, 133], [133, 134], [133, 137]]}, "ProjectGenerator": {"executed_lines": [146, 147, 163, 302, 304, 307, 314, 315, 316, 317, 320, 321, 322, 323, 324, 327, 328, 329, 330, 331, 334, 336, 338, 339, 340, 341, 342, 345, 346, 347, 348, 349, 350, 355, 356, 357, 358, 359, 361, 365, 366, 461, 462, 514, 593], "summary": {"covered_lines": 45, "num_statements": 47, "percent_covered": 95.77464788732394, "percent_covered_display": "95.77", "missing_lines": 2, "excluded_lines": 1, "num_branches": 24, "num_partial_branches": 1, "covered_branches": 23, "missing_branches": 1}, "missing_lines": [154, 429], "excluded_lines": [548], "executed_branches": [[314, 315], [314, 320], [315, 314], [315, 316], [320, 321], [320, 327], [322, 320], [322, 323], [328, 329], [328, 334], [336, 338], [336, 355], [339, 340], [339, 345], [345, 336], [345, 346], [347, 336], [347, 348], [356, 357], [356, 361], [365, 366], [461, 462], [461, 514]], "missing_branches": [[365, 429]]}, "ConfigFormatter": {"executed_lines": [640, 655, 658, 660, 661, 662, 663, 666, 667, 670, 676, 682, 685, 686, 687, 688, 689, 691, 695, 696, 697, 698, 699, 700, 702], "summary": {"covered_lines": 25, "num_statements": 32, "percent_covered": 77.5, "percent_covered_display": "77.50", "missing_lines": 7, "excluded_lines": 0, "num_branches": 8, "num_partial_branches": 2, "covered_branches": 6, "missing_branches": 2}, "missing_lines": [656, 671, 672, 674, 786, 792, 798], "excluded_lines": [], "executed_branches": [[655, 658], [660, 661], [660, 676], [661, 662], [686, 687], [686, 691]], "missing_branches": [[655, 656], [661, 674]]}, "": {"executed_lines": [1, 5, 6, 7, 8, 9, 10, 12, 14, 17, 18, 20, 25, 70, 88, 112, 142, 143, 145, 152, 161, 298, 363, 459, 546, 591, 636, 637, 639, 647, 678, 693, 782, 788, 794], "summary": {"covered_lines": 31, "num_statements": 31, "percent_covered": 100.0, "percent_covered_display": "100.00", "missing_lines": 0, "excluded_lines": 0, "num_branches": 0, "num_partial_branches": 0, "covered_branches": 0, "missing_branches": 0}, "missing_lines": [], "excluded_lines": [], "executed_branches": [], "missing_branches": []}}}, "src/openpypi/utils/logger.py": {"executed_lines": [1, 5, 6, 7, 8, 11, 29, 32, 36, 38, 41, 42, 44, 47, 48, 49, 50, 53, 62, 65, 79, 83, 84, 87, 90, 95], "summary": {"covered_lines": 25, "num_statements": 37, "percent_covered": 62.745098039215684, "percent_covered_display": "62.75", "missing_lines": 12, "excluded_lines": 0, "num_branches": 14, "num_partial_branches": 7, "covered_branches": 7, "missing_branches": 7}, "missing_lines": [33, 37, 54, 55, 57, 58, 59, 60, 80, 91, 92, 93], "excluded_lines": [], "executed_branches": [[32, 36], [36, 38], [41, 42], [53, 62], [79, 83], [83, 84], [90, 95]], "missing_branches": [[32, 33], [36, 37], [41, 44], [53, 54], [79, 80], [83, 87], [90, 91]], "functions": {"get_logger": {"executed_lines": [29, 32, 36, 38, 41, 42, 44, 47, 48, 49, 50, 53, 62], "summary": {"covered_lines": 13, "num_statements": 21, "percent_covered": 58.62068965517241, "percent_covered_display": "58.62", "missing_lines": 8, "excluded_lines": 0, "num_branches": 8, "num_partial_branches": 4, "covered_branches": 4, "missing_branches": 4}, "missing_lines": [33, 37, 54, 55, 57, 58, 59, 60], "excluded_lines": [], "executed_branches": [[32, 36], [36, 38], [41, 42], [53, 62]], "missing_branches": [[32, 33], [36, 37], [41, 44], [53, 54]]}, "setup_logging": {"executed_lines": [79, 83, 84, 87, 90, 95], "summary": {"covered_lines": 6, "num_statements": 10, "percent_covered": 56.25, "percent_covered_display": "56.25", "missing_lines": 4, "excluded_lines": 0, "num_branches": 6, "num_partial_branches": 3, "covered_branches": 3, "missing_branches": 3}, "missing_lines": [80, 91, 92, 93], "excluded_lines": [], "executed_branches": [[79, 83], [83, 84], [90, 95]], "missing_branches": [[79, 80], [83, 87], [90, 91]]}, "": {"executed_lines": [1, 5, 6, 7, 8, 11, 65], "summary": {"covered_lines": 6, "num_statements": 6, "percent_covered": 100.0, "percent_covered_display": "100.00", "missing_lines": 0, "excluded_lines": 0, "num_branches": 0, "num_partial_branches": 0, "covered_branches": 0, "missing_branches": 0}, "missing_lines": [], "excluded_lines": [], "executed_branches": [], "missing_branches": []}}, "classes": {"": {"executed_lines": [1, 5, 6, 7, 8, 11, 29, 32, 36, 38, 41, 42, 44, 47, 48, 49, 50, 53, 62, 65, 79, 83, 84, 87, 90, 95], "summary": {"covered_lines": 25, "num_statements": 37, "percent_covered": 62.745098039215684, "percent_covered_display": "62.75", "missing_lines": 12, "excluded_lines": 0, "num_branches": 14, "num_partial_branches": 7, "covered_branches": 7, "missing_branches": 7}, "missing_lines": [33, 37, 54, 55, 57, 58, 59, 60, 80, 91, 92, 93], "excluded_lines": [], "executed_branches": [[32, 36], [36, 38], [41, 42], [53, 62], [79, 83], [83, 84], [90, 95]], "missing_branches": [[32, 33], [36, 37], [41, 44], [53, 54], [79, 80], [83, 87], [90, 91]]}}}}, "totals": {"covered_lines": 1839, "num_statements": 4372, "percent_covered": 38.56821589205397, "percent_covered_display": "38.57", "missing_lines": 2533, "excluded_lines": 114, "num_branches": 964, "num_partial_branches": 73, "covered_branches": 219, "missing_branches": 745}}